{"contracts\\AggregatorV3Interface.sol":{"l":{},"path":"D:\\IBITIcoin-project\\contracts\\AggregatorV3Interface.sol","s":{},"b":{},"f":{},"fnMap":{},"statementMap":{},"branchMap":{}},"contracts\\BaseToken.sol":{"l":{"20":679,"29":375,"38":9},"path":"D:\\IBITIcoin-project\\contracts\\BaseToken.sol","s":{"1":679,"2":375,"3":9},"b":{},"f":{"1":189,"2":679,"3":375,"4":9},"fnMap":{"1":{"name":"constructor","line":11,"loc":{"start":{"line":9,"column":4},"end":{"line":12,"column":5}}},"2":{"name":"_afterTokenTransfer","line":15,"loc":{"start":{"line":15,"column":4},"end":{"line":21,"column":4}}},"3":{"name":"_mint","line":24,"loc":{"start":{"line":24,"column":4},"end":{"line":30,"column":4}}},"4":{"name":"_burn","line":33,"loc":{"start":{"line":33,"column":4},"end":{"line":39,"column":4}}}},"statementMap":{"1":{"start":{"line":20,"column":8},"end":{"line":20,"column":50}},"2":{"start":{"line":29,"column":8},"end":{"line":29,"column":35}},"3":{"start":{"line":38,"column":8},"end":{"line":38,"column":35}}},"branchMap":{}},"contracts\\BridgeManager.sol":{"l":{"51":115,"52":30,"54":85,"56":106,"65":33,"66":31,"67":28,"68":28,"70":28,"71":28,"73":31,"74":31,"75":31,"91":28,"92":28,"93":19,"94":19,"95":19,"97":28,"98":28,"114":11,"115":11,"116":9,"124":3,"125":6,"142":7,"143":6,"144":6,"145":6,"146":6,"151":19,"152":19,"161":3,"162":3,"163":3,"171":11,"173":11,"182":23,"183":21,"184":21,"185":21,"194":9,"195":7,"196":7,"197":7,"206":7,"207":4,"208":4,"209":4,"217":25,"218":22,"219":22,"220":17,"228":18,"229":15,"230":15,"231":10,"240":4,"241":4,"242":4,"243":3,"252":3,"253":2,"254":2,"255":1,"261":116,"265":6,"266":6,"267":6,"268":6,"269":2,"270":2,"271":2,"273":6,"274":6},"path":"D:\\IBITIcoin-project\\contracts\\BridgeManager.sol","s":{"1":115,"2":30,"3":85,"4":33,"5":31,"6":28,"7":28,"8":31,"9":28,"10":28,"11":19,"12":19,"13":28,"14":11,"15":11,"16":9,"17":3,"18":6,"19":7,"20":6,"21":6,"22":19,"23":19,"24":3,"25":3,"26":11,"27":7,"28":4,"29":11,"30":23,"31":21,"32":9,"33":7,"34":7,"35":4,"36":4,"37":4,"38":25,"39":22,"40":22,"41":18,"42":15,"43":15,"44":4,"45":4,"46":4,"47":3,"48":2,"49":2,"50":116,"51":6,"52":6,"53":0,"54":6,"55":6,"56":2,"57":6},"b":{"1":[30,85],"2":[27,3],"3":[79,6],"4":[37,5],"5":[33,4],"6":[31,2],"7":[28,3],"8":[28,1],"9":[28,0],"10":[28,0],"11":[19,9],"12":[11,0],"13":[11,0],"14":[9,2],"15":[3,6],"16":[8,1],"17":[7,1],"18":[6,1],"19":[4,1],"20":[3,1],"21":[11,0],"22":[7,4],"23":[23,0],"24":[23,0],"25":[21,2],"26":[9,0],"27":[9,0],"28":[7,2],"29":[1,6],"30":[7,0],"31":[7,0],"32":[4,3],"33":[4,0],"34":[25,0],"35":[22,3],"36":[17,5],"37":[18,0],"38":[15,3],"39":[10,5],"40":[5,0],"41":[4,1],"42":[4,0],"43":[3,1],"44":[3,0],"45":[3,0],"46":[2,1],"47":[1,1],"48":[0,6],"49":[2,4]},"f":{"1":115,"2":33,"3":28,"4":11,"5":7,"6":19,"7":3,"8":11,"9":23,"10":9,"11":7,"12":25,"13":18,"14":4,"15":3,"16":116,"17":6},"fnMap":{"1":{"name":"onlyController","line":50,"loc":{"start":{"line":50,"column":4},"end":{"line":57,"column":4}}},"2":{"name":"setBridge","line":63,"loc":{"start":{"line":60,"column":4},"end":{"line":76,"column":4}}},"3":{"name":"setBridgeInfo","line":89,"loc":{"start":{"line":79,"column":4},"end":{"line":99,"column":4}}},"4":{"name":"batchSetBridgeInfo","line":112,"loc":{"start":{"line":102,"column":4},"end":{"line":134,"column":4}}},"5":{"name":"removeBridge","line":140,"loc":{"start":{"line":137,"column":4},"end":{"line":147,"column":4}}},"6":{"name":"isTrustedBridge","line":150,"loc":{"start":{"line":150,"column":4},"end":{"line":153,"column":4}}},"7":{"name":"setRouter","line":159,"loc":{"start":{"line":156,"column":4},"end":{"line":164,"column":4}}},"8":{"name":"setBridgePaused","line":169,"loc":{"start":{"line":167,"column":4},"end":{"line":174,"column":4}}},"9":{"name":"setGovernance","line":180,"loc":{"start":{"line":177,"column":4},"end":{"line":186,"column":4}}},"10":{"name":"setDaoSettings","line":192,"loc":{"start":{"line":189,"column":4},"end":{"line":198,"column":4}}},"11":{"name":"switchOwnershipToDao","line":204,"loc":{"start":{"line":201,"column":4},"end":{"line":210,"column":4}}},"12":{"name":"checkAndUpdateBridgeMint","line":215,"loc":{"start":{"line":213,"column":4},"end":{"line":221,"column":4}}},"13":{"name":"checkAndUpdateBridgeBurn","line":226,"loc":{"start":{"line":224,"column":4},"end":{"line":232,"column":4}}},"14":{"name":"checkAndUpdateBridgeMintBy","line":238,"loc":{"start":{"line":235,"column":4},"end":{"line":244,"column":4}}},"15":{"name":"checkAndUpdateBridgeBurnBy","line":250,"loc":{"start":{"line":247,"column":4},"end":{"line":256,"column":4}}},"16":{"name":"_bridgeExists","line":260,"loc":{"start":{"line":260,"column":4},"end":{"line":262,"column":4}}},"17":{"name":"_removeBridgeFromList","line":264,"loc":{"start":{"line":264,"column":4},"end":{"line":275,"column":4}}}},"statementMap":{"1":{"start":{"line":51,"column":8},"end":{"line":51,"column":1909}},"2":{"start":{"line":52,"column":12},"end":{"line":52,"column":63}},"3":{"start":{"line":54,"column":12},"end":{"line":54,"column":55}},"4":{"start":{"line":65,"column":8},"end":{"line":65,"column":54}},"5":{"start":{"line":66,"column":8},"end":{"line":66,"column":2373}},"6":{"start":{"line":67,"column":11},"end":{"line":67,"column":33}},"7":{"start":{"line":71,"column":11},"end":{"line":71,"column":35}},"8":{"start":{"line":75,"column":8},"end":{"line":75,"column":46}},"9":{"start":{"line":91,"column":8},"end":{"line":91,"column":54}},"10":{"start":{"line":92,"column":8},"end":{"line":92,"column":3201}},"11":{"start":{"line":93,"column":12},"end":{"line":93,"column":34}},"12":{"start":{"line":95,"column":12},"end":{"line":95,"column":36}},"13":{"start":{"line":98,"column":8},"end":{"line":98,"column":70}},"14":{"start":{"line":114,"column":8},"end":{"line":114,"column":43}},"15":{"start":{"line":115,"column":8},"end":{"line":115,"column":56}},"16":{"start":{"line":116,"column":8},"end":{"line":116,"column":4063}},"17":{"start":{"line":124,"column":8},"end":{"line":124,"column":4315}},"18":{"start":{"line":125,"column":12},"end":{"line":125,"column":4366}},"19":{"start":{"line":142,"column":8},"end":{"line":142,"column":59}},"20":{"start":{"line":145,"column":8},"end":{"line":145,"column":36}},"21":{"start":{"line":146,"column":8},"end":{"line":146,"column":34}},"22":{"start":{"line":151,"column":8},"end":{"line":151,"column":48}},"23":{"start":{"line":152,"column":8},"end":{"line":152,"column":42}},"24":{"start":{"line":161,"column":8},"end":{"line":161,"column":28}},"25":{"start":{"line":163,"column":8},"end":{"line":163,"column":42}},"26":{"start":{"line":171,"column":8},"end":{"line":171,"column":5696}},"27":{"start":{"line":171,"column":20},"end":{"line":171,"column":27}},"28":{"start":{"line":172,"column":20},"end":{"line":172,"column":29}},"29":{"start":{"line":173,"column":8},"end":{"line":173,"column":33}},"30":{"start":{"line":182,"column":8},"end":{"line":182,"column":60}},"31":{"start":{"line":185,"column":8},"end":{"line":185,"column":52}},"32":{"start":{"line":194,"column":8},"end":{"line":194,"column":78}},"33":{"start":{"line":197,"column":8},"end":{"line":197,"column":56}},"34":{"start":{"line":206,"column":8},"end":{"line":206,"column":55}},"35":{"start":{"line":207,"column":8},"end":{"line":207,"column":61}},"36":{"start":{"line":208,"column":8},"end":{"line":208,"column":35}},"37":{"start":{"line":209,"column":8},"end":{"line":209,"column":46}},"38":{"start":{"line":217,"column":8},"end":{"line":217,"column":63}},"39":{"start":{"line":218,"column":8},"end":{"line":218,"column":57}},"40":{"start":{"line":219,"column":8},"end":{"line":219,"column":80}},"41":{"start":{"line":228,"column":8},"end":{"line":228,"column":63}},"42":{"start":{"line":229,"column":8},"end":{"line":229,"column":50}},"43":{"start":{"line":230,"column":8},"end":{"line":230,"column":71}},"44":{"start":{"line":240,"column":8},"end":{"line":240,"column":59}},"45":{"start":{"line":241,"column":8},"end":{"line":241,"column":53}},"46":{"start":{"line":242,"column":8},"end":{"line":242,"column":76}},"47":{"start":{"line":252,"column":8},"end":{"line":252,"column":59}},"48":{"start":{"line":253,"column":8},"end":{"line":253,"column":46}},"49":{"start":{"line":254,"column":8},"end":{"line":254,"column":71}},"50":{"start":{"line":261,"column":8},"end":{"line":261,"column":39}},"51":{"start":{"line":265,"column":8},"end":{"line":265,"column":41}},"52":{"start":{"line":266,"column":8},"end":{"line":266,"column":28}},"53":{"start":{"line":266,"column":22},"end":{"line":266,"column":28}},"54":{"start":{"line":267,"column":8},"end":{"line":267,"column":40}},"55":{"start":{"line":268,"column":8},"end":{"line":268,"column":9164}},"56":{"start":{"line":269,"column":12},"end":{"line":269,"column":53}},"57":{"start":{"line":273,"column":8},"end":{"line":273,"column":23}}},"branchMap":{"1":{"line":51,"type":"if","locations":[{"start":{"line":51,"column":8},"end":{"line":51,"column":8}},{"start":{"line":51,"column":8},"end":{"line":51,"column":8}}]},"2":{"line":52,"type":"if","locations":[{"start":{"line":52,"column":12},"end":{"line":52,"column":12}},{"start":{"line":52,"column":12},"end":{"line":52,"column":12}}]},"3":{"line":54,"type":"if","locations":[{"start":{"line":54,"column":12},"end":{"line":54,"column":12}},{"start":{"line":54,"column":12},"end":{"line":54,"column":12}}]},"4":{"line":62,"type":"if","locations":[{"start":{"line":62,"column":8},"end":{"line":62,"column":8}},{"start":{"line":62,"column":8},"end":{"line":62,"column":8}}]},"5":{"line":63,"type":"if","locations":[{"start":{"line":63,"column":8},"end":{"line":63,"column":8}},{"start":{"line":63,"column":8},"end":{"line":63,"column":8}}]},"6":{"line":65,"type":"if","locations":[{"start":{"line":65,"column":8},"end":{"line":65,"column":8}},{"start":{"line":65,"column":8},"end":{"line":65,"column":8}}]},"7":{"line":66,"type":"if","locations":[{"start":{"line":66,"column":8},"end":{"line":66,"column":8}},{"start":{"line":66,"column":8},"end":{"line":66,"column":8}}]},"8":{"line":88,"type":"if","locations":[{"start":{"line":88,"column":8},"end":{"line":88,"column":8}},{"start":{"line":88,"column":8},"end":{"line":88,"column":8}}]},"9":{"line":89,"type":"if","locations":[{"start":{"line":89,"column":8},"end":{"line":89,"column":8}},{"start":{"line":89,"column":8},"end":{"line":89,"column":8}}]},"10":{"line":91,"type":"if","locations":[{"start":{"line":91,"column":8},"end":{"line":91,"column":8}},{"start":{"line":91,"column":8},"end":{"line":91,"column":8}}]},"11":{"line":92,"type":"if","locations":[{"start":{"line":92,"column":8},"end":{"line":92,"column":8}},{"start":{"line":92,"column":8},"end":{"line":92,"column":8}}]},"12":{"line":111,"type":"if","locations":[{"start":{"line":111,"column":8},"end":{"line":111,"column":8}},{"start":{"line":111,"column":8},"end":{"line":111,"column":8}}]},"13":{"line":112,"type":"if","locations":[{"start":{"line":112,"column":8},"end":{"line":112,"column":8}},{"start":{"line":112,"column":8},"end":{"line":112,"column":8}}]},"14":{"line":115,"type":"if","locations":[{"start":{"line":115,"column":8},"end":{"line":115,"column":8}},{"start":{"line":115,"column":8},"end":{"line":115,"column":8}}]},"15":{"line":116,"type":"if","locations":[{"start":{"line":116,"column":8},"end":{"line":116,"column":8}},{"start":{"line":116,"column":8},"end":{"line":116,"column":8}}]},"16":{"line":139,"type":"if","locations":[{"start":{"line":139,"column":8},"end":{"line":139,"column":8}},{"start":{"line":139,"column":8},"end":{"line":139,"column":8}}]},"17":{"line":140,"type":"if","locations":[{"start":{"line":140,"column":8},"end":{"line":140,"column":8}},{"start":{"line":140,"column":8},"end":{"line":140,"column":8}}]},"18":{"line":142,"type":"if","locations":[{"start":{"line":142,"column":8},"end":{"line":142,"column":8}},{"start":{"line":142,"column":8},"end":{"line":142,"column":8}}]},"19":{"line":158,"type":"if","locations":[{"start":{"line":158,"column":8},"end":{"line":158,"column":8}},{"start":{"line":158,"column":8},"end":{"line":158,"column":8}}]},"20":{"line":159,"type":"if","locations":[{"start":{"line":159,"column":8},"end":{"line":159,"column":8}},{"start":{"line":159,"column":8},"end":{"line":159,"column":8}}]},"21":{"line":169,"type":"if","locations":[{"start":{"line":169,"column":8},"end":{"line":169,"column":8}},{"start":{"line":169,"column":8},"end":{"line":169,"column":8}}]},"22":{"line":171,"type":"if","locations":[{"start":{"line":171,"column":8},"end":{"line":171,"column":8}},{"start":{"line":171,"column":8},"end":{"line":171,"column":8}}]},"23":{"line":179,"type":"if","locations":[{"start":{"line":179,"column":8},"end":{"line":179,"column":8}},{"start":{"line":179,"column":8},"end":{"line":179,"column":8}}]},"24":{"line":180,"type":"if","locations":[{"start":{"line":180,"column":8},"end":{"line":180,"column":8}},{"start":{"line":180,"column":8},"end":{"line":180,"column":8}}]},"25":{"line":182,"type":"if","locations":[{"start":{"line":182,"column":8},"end":{"line":182,"column":8}},{"start":{"line":182,"column":8},"end":{"line":182,"column":8}}]},"26":{"line":191,"type":"if","locations":[{"start":{"line":191,"column":8},"end":{"line":191,"column":8}},{"start":{"line":191,"column":8},"end":{"line":191,"column":8}}]},"27":{"line":192,"type":"if","locations":[{"start":{"line":192,"column":8},"end":{"line":192,"column":8}},{"start":{"line":192,"column":8},"end":{"line":192,"column":8}}]},"28":{"line":194,"type":"if","locations":[{"start":{"line":194,"column":8},"end":{"line":194,"column":8}},{"start":{"line":194,"column":8},"end":{"line":194,"column":8}}]},"29":{"line":194,"type":"cond-expr","locations":[{"start":{"line":194,"column":16},"end":{"line":194,"column":27}},{"start":{"line":194,"column":32},"end":{"line":194,"column":55}}]},"30":{"line":203,"type":"if","locations":[{"start":{"line":203,"column":8},"end":{"line":203,"column":8}},{"start":{"line":203,"column":8},"end":{"line":203,"column":8}}]},"31":{"line":204,"type":"if","locations":[{"start":{"line":204,"column":8},"end":{"line":204,"column":8}},{"start":{"line":204,"column":8},"end":{"line":204,"column":8}}]},"32":{"line":206,"type":"if","locations":[{"start":{"line":206,"column":8},"end":{"line":206,"column":8}},{"start":{"line":206,"column":8},"end":{"line":206,"column":8}}]},"33":{"line":207,"type":"if","locations":[{"start":{"line":207,"column":8},"end":{"line":207,"column":8}},{"start":{"line":207,"column":8},"end":{"line":207,"column":8}}]},"34":{"line":215,"type":"if","locations":[{"start":{"line":215,"column":8},"end":{"line":215,"column":8}},{"start":{"line":215,"column":8},"end":{"line":215,"column":8}}]},"35":{"line":217,"type":"if","locations":[{"start":{"line":217,"column":8},"end":{"line":217,"column":8}},{"start":{"line":217,"column":8},"end":{"line":217,"column":8}}]},"36":{"line":219,"type":"if","locations":[{"start":{"line":219,"column":8},"end":{"line":219,"column":8}},{"start":{"line":219,"column":8},"end":{"line":219,"column":8}}]},"37":{"line":226,"type":"if","locations":[{"start":{"line":226,"column":8},"end":{"line":226,"column":8}},{"start":{"line":226,"column":8},"end":{"line":226,"column":8}}]},"38":{"line":228,"type":"if","locations":[{"start":{"line":228,"column":8},"end":{"line":228,"column":8}},{"start":{"line":228,"column":8},"end":{"line":228,"column":8}}]},"39":{"line":230,"type":"if","locations":[{"start":{"line":230,"column":8},"end":{"line":230,"column":8}},{"start":{"line":230,"column":8},"end":{"line":230,"column":8}}]},"40":{"line":237,"type":"if","locations":[{"start":{"line":237,"column":8},"end":{"line":237,"column":8}},{"start":{"line":237,"column":8},"end":{"line":237,"column":8}}]},"41":{"line":238,"type":"if","locations":[{"start":{"line":238,"column":8},"end":{"line":238,"column":8}},{"start":{"line":238,"column":8},"end":{"line":238,"column":8}}]},"42":{"line":240,"type":"if","locations":[{"start":{"line":240,"column":8},"end":{"line":240,"column":8}},{"start":{"line":240,"column":8},"end":{"line":240,"column":8}}]},"43":{"line":242,"type":"if","locations":[{"start":{"line":242,"column":8},"end":{"line":242,"column":8}},{"start":{"line":242,"column":8},"end":{"line":242,"column":8}}]},"44":{"line":249,"type":"if","locations":[{"start":{"line":249,"column":8},"end":{"line":249,"column":8}},{"start":{"line":249,"column":8},"end":{"line":249,"column":8}}]},"45":{"line":250,"type":"if","locations":[{"start":{"line":250,"column":8},"end":{"line":250,"column":8}},{"start":{"line":250,"column":8},"end":{"line":250,"column":8}}]},"46":{"line":252,"type":"if","locations":[{"start":{"line":252,"column":8},"end":{"line":252,"column":8}},{"start":{"line":252,"column":8},"end":{"line":252,"column":8}}]},"47":{"line":254,"type":"if","locations":[{"start":{"line":254,"column":8},"end":{"line":254,"column":8}},{"start":{"line":254,"column":8},"end":{"line":254,"column":8}}]},"48":{"line":266,"type":"if","locations":[{"start":{"line":266,"column":8},"end":{"line":266,"column":8}},{"start":{"line":266,"column":8},"end":{"line":266,"column":8}}]},"49":{"line":268,"type":"if","locations":[{"start":{"line":268,"column":8},"end":{"line":268,"column":8}},{"start":{"line":268,"column":8},"end":{"line":268,"column":8}}]}}},"contracts\\BuybackManager.sol":{"l":{"49":68,"50":68,"51":68,"52":68,"53":68,"54":68,"55":68,"56":68,"58":68,"59":68,"60":68,"61":68,"62":68,"63":68,"68":19,"69":16,"80":6,"81":2,"82":2,"83":2,"85":2,"95":18,"96":18,"97":16,"102":18,"103":18,"104":18,"107":18,"108":18,"115":18,"117":18,"118":18,"119":10,"122":18,"127":11,"128":8,"129":8,"135":25,"136":20,"137":17,"140":13,"141":18,"142":18,"143":18,"144":15,"146":12,"147":8,"152":4,"153":11,"154":10,"158":4,"159":4,"166":7,"167":7,"168":7,"175":4,"176":4,"177":4},"path":"D:\\IBITIcoin-project\\contracts\\BuybackManager.sol","s":{"1":68,"2":68,"3":68,"4":68,"5":68,"6":68,"7":68,"8":68,"9":19,"10":16,"11":6,"12":2,"13":2,"14":2,"15":2,"16":18,"17":18,"18":16,"19":18,"20":18,"21":18,"22":18,"23":18,"24":18,"25":18,"26":18,"27":10,"28":18,"29":11,"30":8,"31":25,"32":20,"33":17,"34":13,"35":18,"36":18,"37":18,"38":15,"39":12,"40":8,"41":4,"42":11,"43":10,"44":4,"45":7,"46":7,"47":7,"48":4,"49":4,"50":4,"51":4,"52":3},"b":{"1":[68,0],"2":[68,0],"3":[68,0],"4":[68,0],"5":[68,0],"6":[68,0],"7":[68,0],"8":[68,0],"9":[19,0],"10":[19,0],"11":[16,3],"12":[6,0],"13":[6,0],"14":[6,0],"15":[2,4],"16":[2,0],"17":[21,0],"18":[18,3],"19":[18,0],"20":[16,2],"21":[18,0],"22":[10,8],"23":[11,0],"24":[11,0],"25":[8,3],"26":[26,1],"27":[25,1],"28":[20,5],"29":[17,3],"30":[13,4],"31":[15,3],"32":[12,3],"33":[8,4],"34":[5,3],"35":[10,0],"36":[7,0],"37":[7,0],"38":[7,0],"39":[7,0],"40":[4,0],"41":[4,0],"42":[4,0],"43":[4,0],"44":[4,0],"45":[3,0]},"f":{"1":68,"2":19,"3":6,"4":18,"5":18,"6":11,"7":25,"8":7,"9":4,"10":4,"11":3},"fnMap":{"1":{"name":"constructor","line":41,"loc":{"start":{"line":41,"column":4},"end":{"line":64,"column":4}}},"2":{"name":"depositPayment","line":67,"loc":{"start":{"line":67,"column":4},"end":{"line":70,"column":4}}},"3":{"name":"buybackPercent","line":78,"loc":{"start":{"line":77,"column":4},"end":{"line":86,"column":4}}},"4":{"name":"buybackAll","line":93,"loc":{"start":{"line":92,"column":4},"end":{"line":98,"column":4}}},"5":{"name":"_executeBuyback","line":100,"loc":{"start":{"line":100,"column":4},"end":{"line":123,"column":4}}},"6":{"name":"setBurnPercent","line":126,"loc":{"start":{"line":126,"column":4},"end":{"line":130,"column":4}}},"7":{"name":"setPath","line":133,"loc":{"start":{"line":133,"column":0},"end":{"line":160,"column":0}}},"8":{"name":"withdrawPaymentToken","line":164,"loc":{"start":{"line":163,"column":8},"end":{"line":169,"column":4}}},"9":{"name":"withdrawIBITI","line":173,"loc":{"start":{"line":172,"column":8},"end":{"line":178,"column":4}}},"10":{"name":"pause","line":180,"loc":{"start":{"line":180,"column":4},"end":{"line":180,"column":52}}},"11":{"name":"unpause","line":181,"loc":{"start":{"line":181,"column":4},"end":{"line":181,"column":56}}}},"statementMap":{"1":{"start":{"line":49,"column":8},"end":{"line":49,"column":54}},"2":{"start":{"line":50,"column":8},"end":{"line":50,"column":68}},"3":{"start":{"line":51,"column":8},"end":{"line":51,"column":56}},"4":{"start":{"line":52,"column":8},"end":{"line":52,"column":63}},"5":{"start":{"line":53,"column":8},"end":{"line":53,"column":100}},"6":{"start":{"line":54,"column":8},"end":{"line":54,"column":65}},"7":{"start":{"line":55,"column":8},"end":{"line":55,"column":69}},"8":{"start":{"line":56,"column":8},"end":{"line":56,"column":70}},"9":{"start":{"line":68,"column":8},"end":{"line":68,"column":45}},"10":{"start":{"line":69,"column":8},"end":{"line":69,"column":71}},"11":{"start":{"line":80,"column":8},"end":{"line":80,"column":61}},"12":{"start":{"line":81,"column":8},"end":{"line":81,"column":59}},"13":{"start":{"line":82,"column":8},"end":{"line":82,"column":41}},"14":{"start":{"line":83,"column":8},"end":{"line":83,"column":44}},"15":{"start":{"line":85,"column":8},"end":{"line":85,"column":46}},"16":{"start":{"line":95,"column":8},"end":{"line":95,"column":59}},"17":{"start":{"line":96,"column":8},"end":{"line":96,"column":41}},"18":{"start":{"line":97,"column":8},"end":{"line":97,"column":41}},"19":{"start":{"line":102,"column":8},"end":{"line":102,"column":89}},"20":{"start":{"line":103,"column":8},"end":{"line":103,"column":4065}},"21":{"start":{"line":104,"column":12},"end":{"line":104,"column":91}},"22":{"start":{"line":107,"column":8},"end":{"line":107,"column":55}},"23":{"start":{"line":108,"column":8},"end":{"line":108,"column":4275}},"24":{"start":{"line":115,"column":8},"end":{"line":115,"column":64}},"25":{"start":{"line":117,"column":8},"end":{"line":117,"column":53}},"26":{"start":{"line":118,"column":8},"end":{"line":118,"column":4609}},"27":{"start":{"line":119,"column":12},"end":{"line":119,"column":50}},"28":{"start":{"line":122,"column":8},"end":{"line":122,"column":49}},"29":{"start":{"line":127,"column":8},"end":{"line":127,"column":54}},"30":{"start":{"line":129,"column":8},"end":{"line":129,"column":36}},"31":{"start":{"line":135,"column":4},"end":{"line":135,"column":100}},"32":{"start":{"line":136,"column":4},"end":{"line":136,"column":77}},"33":{"start":{"line":137,"column":4},"end":{"line":137,"column":79}},"34":{"start":{"line":140,"column":4},"end":{"line":140,"column":5500}},"35":{"start":{"line":141,"column":8},"end":{"line":141,"column":37}},"36":{"start":{"line":142,"column":8},"end":{"line":142,"column":33}},"37":{"start":{"line":143,"column":8},"end":{"line":143,"column":64}},"38":{"start":{"line":144,"column":8},"end":{"line":144,"column":66}},"39":{"start":{"line":146,"column":8},"end":{"line":146,"column":5817}},"40":{"start":{"line":147,"column":12},"end":{"line":147,"column":70}},"41":{"start":{"line":152,"column":4},"end":{"line":152,"column":6014}},"42":{"start":{"line":153,"column":8},"end":{"line":153,"column":6074}},"43":{"start":{"line":154,"column":12},"end":{"line":154,"column":77}},"44":{"start":{"line":159,"column":4},"end":{"line":159,"column":29}},"45":{"start":{"line":166,"column":8},"end":{"line":166,"column":54}},"46":{"start":{"line":167,"column":8},"end":{"line":167,"column":44}},"47":{"start":{"line":168,"column":8},"end":{"line":168,"column":41}},"48":{"start":{"line":175,"column":8},"end":{"line":175,"column":54}},"49":{"start":{"line":176,"column":8},"end":{"line":176,"column":37}},"50":{"start":{"line":177,"column":8},"end":{"line":177,"column":39}},"51":{"start":{"line":180,"column":42},"end":{"line":180,"column":49}},"52":{"start":{"line":181,"column":44},"end":{"line":181,"column":53}}},"branchMap":{"1":{"line":49,"type":"if","locations":[{"start":{"line":49,"column":8},"end":{"line":49,"column":8}},{"start":{"line":49,"column":8},"end":{"line":49,"column":8}}]},"2":{"line":50,"type":"if","locations":[{"start":{"line":50,"column":8},"end":{"line":50,"column":8}},{"start":{"line":50,"column":8},"end":{"line":50,"column":8}}]},"3":{"line":51,"type":"if","locations":[{"start":{"line":51,"column":8},"end":{"line":51,"column":8}},{"start":{"line":51,"column":8},"end":{"line":51,"column":8}}]},"4":{"line":52,"type":"if","locations":[{"start":{"line":52,"column":8},"end":{"line":52,"column":8}},{"start":{"line":52,"column":8},"end":{"line":52,"column":8}}]},"5":{"line":53,"type":"if","locations":[{"start":{"line":53,"column":8},"end":{"line":53,"column":8}},{"start":{"line":53,"column":8},"end":{"line":53,"column":8}}]},"6":{"line":54,"type":"if","locations":[{"start":{"line":54,"column":8},"end":{"line":54,"column":8}},{"start":{"line":54,"column":8},"end":{"line":54,"column":8}}]},"7":{"line":55,"type":"if","locations":[{"start":{"line":55,"column":8},"end":{"line":55,"column":8}},{"start":{"line":55,"column":8},"end":{"line":55,"column":8}}]},"8":{"line":56,"type":"if","locations":[{"start":{"line":56,"column":8},"end":{"line":56,"column":8}},{"start":{"line":56,"column":8},"end":{"line":56,"column":8}}]},"9":{"line":67,"type":"if","locations":[{"start":{"line":67,"column":53},"end":{"line":67,"column":53}},{"start":{"line":67,"column":53},"end":{"line":67,"column":53}}]},"10":{"line":67,"type":"if","locations":[{"start":{"line":67,"column":66},"end":{"line":67,"column":66}},{"start":{"line":67,"column":66},"end":{"line":67,"column":66}}]},"11":{"line":68,"type":"if","locations":[{"start":{"line":68,"column":8},"end":{"line":68,"column":8}},{"start":{"line":68,"column":8},"end":{"line":68,"column":8}}]},"12":{"line":78,"type":"if","locations":[{"start":{"line":78,"column":17},"end":{"line":78,"column":17}},{"start":{"line":78,"column":17},"end":{"line":78,"column":17}}]},"13":{"line":78,"type":"if","locations":[{"start":{"line":78,"column":27},"end":{"line":78,"column":27}},{"start":{"line":78,"column":27},"end":{"line":78,"column":27}}]},"14":{"line":78,"type":"if","locations":[{"start":{"line":78,"column":41},"end":{"line":78,"column":41}},{"start":{"line":78,"column":41},"end":{"line":78,"column":41}}]},"15":{"line":80,"type":"if","locations":[{"start":{"line":80,"column":8},"end":{"line":80,"column":8}},{"start":{"line":80,"column":8},"end":{"line":80,"column":8}}]},"16":{"line":82,"type":"if","locations":[{"start":{"line":82,"column":8},"end":{"line":82,"column":8}},{"start":{"line":82,"column":8},"end":{"line":82,"column":8}}]},"17":{"line":93,"type":"if","locations":[{"start":{"line":93,"column":17},"end":{"line":93,"column":17}},{"start":{"line":93,"column":17},"end":{"line":93,"column":17}}]},"18":{"line":93,"type":"if","locations":[{"start":{"line":93,"column":27},"end":{"line":93,"column":27}},{"start":{"line":93,"column":27},"end":{"line":93,"column":27}}]},"19":{"line":93,"type":"if","locations":[{"start":{"line":93,"column":41},"end":{"line":93,"column":41}},{"start":{"line":93,"column":41},"end":{"line":93,"column":41}}]},"20":{"line":96,"type":"if","locations":[{"start":{"line":96,"column":8},"end":{"line":96,"column":8}},{"start":{"line":96,"column":8},"end":{"line":96,"column":8}}]},"21":{"line":103,"type":"if","locations":[{"start":{"line":103,"column":8},"end":{"line":103,"column":8}},{"start":{"line":103,"column":8},"end":{"line":103,"column":8}}]},"22":{"line":118,"type":"if","locations":[{"start":{"line":118,"column":8},"end":{"line":118,"column":8}},{"start":{"line":118,"column":8},"end":{"line":118,"column":8}}]},"23":{"line":126,"type":"if","locations":[{"start":{"line":126,"column":50},"end":{"line":126,"column":50}},{"start":{"line":126,"column":50},"end":{"line":126,"column":50}}]},"24":{"line":126,"type":"if","locations":[{"start":{"line":126,"column":60},"end":{"line":126,"column":60}},{"start":{"line":126,"column":60},"end":{"line":126,"column":60}}]},"25":{"line":127,"type":"if","locations":[{"start":{"line":127,"column":8},"end":{"line":127,"column":8}},{"start":{"line":127,"column":8},"end":{"line":127,"column":8}}]},"26":{"line":133,"type":"if","locations":[{"start":{"line":133,"column":54},"end":{"line":133,"column":54}},{"start":{"line":133,"column":54},"end":{"line":133,"column":54}}]},"27":{"line":133,"type":"if","locations":[{"start":{"line":133,"column":64},"end":{"line":133,"column":64}},{"start":{"line":133,"column":64},"end":{"line":133,"column":64}}]},"28":{"line":135,"type":"if","locations":[{"start":{"line":135,"column":4},"end":{"line":135,"column":4}},{"start":{"line":135,"column":4},"end":{"line":135,"column":4}}]},"29":{"line":136,"type":"if","locations":[{"start":{"line":136,"column":4},"end":{"line":136,"column":4}},{"start":{"line":136,"column":4},"end":{"line":136,"column":4}}]},"30":{"line":137,"type":"if","locations":[{"start":{"line":137,"column":4},"end":{"line":137,"column":4}},{"start":{"line":137,"column":4},"end":{"line":137,"column":4}}]},"31":{"line":143,"type":"if","locations":[{"start":{"line":143,"column":8},"end":{"line":143,"column":8}},{"start":{"line":143,"column":8},"end":{"line":143,"column":8}}]},"32":{"line":144,"type":"if","locations":[{"start":{"line":144,"column":8},"end":{"line":144,"column":8}},{"start":{"line":144,"column":8},"end":{"line":144,"column":8}}]},"33":{"line":146,"type":"if","locations":[{"start":{"line":146,"column":8},"end":{"line":146,"column":8}},{"start":{"line":146,"column":8},"end":{"line":146,"column":8}}]},"34":{"line":147,"type":"if","locations":[{"start":{"line":147,"column":12},"end":{"line":147,"column":12}},{"start":{"line":147,"column":12},"end":{"line":147,"column":12}}]},"35":{"line":154,"type":"if","locations":[{"start":{"line":154,"column":12},"end":{"line":154,"column":12}},{"start":{"line":154,"column":12},"end":{"line":154,"column":12}}]},"36":{"line":164,"type":"if","locations":[{"start":{"line":164,"column":17},"end":{"line":164,"column":17}},{"start":{"line":164,"column":17},"end":{"line":164,"column":17}}]},"37":{"line":164,"type":"if","locations":[{"start":{"line":164,"column":27},"end":{"line":164,"column":27}},{"start":{"line":164,"column":27},"end":{"line":164,"column":27}}]},"38":{"line":164,"type":"if","locations":[{"start":{"line":164,"column":41},"end":{"line":164,"column":41}},{"start":{"line":164,"column":41},"end":{"line":164,"column":41}}]},"39":{"line":166,"type":"if","locations":[{"start":{"line":166,"column":8},"end":{"line":166,"column":8}},{"start":{"line":166,"column":8},"end":{"line":166,"column":8}}]},"40":{"line":173,"type":"if","locations":[{"start":{"line":173,"column":17},"end":{"line":173,"column":17}},{"start":{"line":173,"column":17},"end":{"line":173,"column":17}}]},"41":{"line":173,"type":"if","locations":[{"start":{"line":173,"column":27},"end":{"line":173,"column":27}},{"start":{"line":173,"column":27},"end":{"line":173,"column":27}}]},"42":{"line":173,"type":"if","locations":[{"start":{"line":173,"column":41},"end":{"line":173,"column":41}},{"start":{"line":173,"column":41},"end":{"line":173,"column":41}}]},"43":{"line":175,"type":"if","locations":[{"start":{"line":175,"column":8},"end":{"line":175,"column":8}},{"start":{"line":175,"column":8},"end":{"line":175,"column":8}}]},"44":{"line":180,"type":"if","locations":[{"start":{"line":180,"column":30},"end":{"line":180,"column":30}},{"start":{"line":180,"column":30},"end":{"line":180,"column":30}}]},"45":{"line":181,"type":"if","locations":[{"start":{"line":181,"column":32},"end":{"line":181,"column":32}},{"start":{"line":181,"column":32},"end":{"line":181,"column":32}}]}}},"contracts\\DAOModule.sol":{"l":{"77":694,"78":95,"79":95,"83":87,"85":365,"93":60,"94":60,"98":58,"99":57,"100":57,"101":57,"108":69,"112":64,"113":64,"122":64,"129":53,"136":26,"137":26,"138":26,"139":24,"140":22,"142":22,"143":22,"144":22,"151":24,"152":24,"153":24,"154":22,"155":19,"157":16,"158":16,"159":16,"161":16,"164":16,"170":1,"179":14,"180":14,"181":14,"182":13,"184":11,"186":11,"187":6,"194":9,"195":9,"198":9,"202":4,"203":4,"204":4,"205":4,"206":7,"209":4,"210":4,"211":4,"212":4,"213":4,"214":7,"219":4,"220":4,"221":4,"222":4,"224":0,"229":9,"239":18,"240":16,"241":16,"243":10,"244":10,"245":9,"249":2,"253":1,"254":1,"258":1,"259":1},"path":"D:\\IBITIcoin-project\\contracts\\DAOModule.sol","s":{"1":467,"2":95,"3":95,"4":87,"5":2,"6":1,"7":60,"8":60,"9":58,"10":57,"11":69,"12":64,"13":64,"14":64,"15":53,"16":26,"17":26,"18":26,"19":24,"20":22,"21":22,"22":24,"23":24,"24":24,"25":22,"26":19,"27":16,"28":16,"29":16,"30":1,"31":14,"32":14,"33":14,"34":13,"35":11,"36":11,"37":6,"38":9,"39":9,"40":4,"41":4,"42":4,"43":4,"44":7,"45":4,"46":4,"47":4,"48":4,"49":4,"50":7,"51":4,"52":4,"53":0,"54":9,"55":18,"56":16,"57":16,"58":10,"59":9,"60":2,"61":1,"62":1},"b":{"1":[95,89],"2":[87,8],"3":[86,1],"4":[2,0],"5":[1,0],"6":[60,0],"7":[58,2],"8":[57,1],"9":[70,0],"10":[69,1],"11":[64,5],"12":[54,8],"13":[53,1],"14":[26,0],"15":[26,0],"16":[26,0],"17":[24,2],"18":[22,2],"19":[22,0],"20":[24,0],"21":[24,0],"22":[24,0],"23":[22,2],"24":[19,3],"25":[16,3],"26":[14,2],"27":[1,1],"28":[1,0],"29":[14,0],"30":[14,0],"31":[14,0],"32":[13,1],"33":[11,2],"34":[6,5],"35":[4,2],"36":[4,5],"37":[5,2],"38":[5,2],"39":[18,2],"40":[18,0],"41":[18,0],"42":[16,2],"43":[10,6],"44":[1,0],"45":[1,0],"46":[1,0],"47":[1,0]},"f":{"1":247,"2":2,"3":1,"4":60,"5":69,"6":53,"7":26,"8":24,"9":1,"10":14,"11":18,"12":2,"13":1,"14":1},"fnMap":{"1":{"name":"onlyEligibleVoter","line":76,"loc":{"start":{"line":76,"column":4},"end":{"line":86,"column":4}}},"2":{"name":"pause","line":88,"loc":{"start":{"line":88,"column":4},"end":{"line":88,"column":52}}},"3":{"name":"unpause","line":89,"loc":{"start":{"line":89,"column":4},"end":{"line":89,"column":56}}},"4":{"name":"registerVoter","line":92,"loc":{"start":{"line":92,"column":4},"end":{"line":102,"column":4}}},"5":{"name":"createProposal","line":106,"loc":{"start":{"line":105,"column":4},"end":{"line":123,"column":4}}},"6":{"name":"createProposalSimple","line":127,"loc":{"start":{"line":126,"column":4},"end":{"line":130,"column":4}}},"7":{"name":"optIn","line":134,"loc":{"start":{"line":133,"column":4},"end":{"line":145,"column":4}}},"8":{"name":"vote","line":149,"loc":{"start":{"line":148,"column":4},"end":{"line":165,"column":4}}},"9":{"name":"voteProposal","line":168,"loc":{"start":{"line":167,"column":4},"end":{"line":171,"column":4}}},"10":{"name":"executeProposal","line":177,"loc":{"start":{"line":174,"column":4},"end":{"line":230,"column":4}}},"11":{"name":"awardNFTReward","line":238,"loc":{"start":{"line":233,"column":4},"end":{"line":246,"column":4}}},"12":{"name":"getProposalCount","line":248,"loc":{"start":{"line":248,"column":4},"end":{"line":250,"column":4}}},"13":{"name":"setVotingTimelock","line":252,"loc":{"start":{"line":252,"column":4},"end":{"line":255,"column":4}}},"14":{"name":"setVotingRewardBaseURI","line":257,"loc":{"start":{"line":257,"column":4},"end":{"line":260,"column":4}}}},"statementMap":{"1":{"start":{"line":77,"column":8},"end":{"line":77,"column":3184}},"2":{"start":{"line":78,"column":12},"end":{"line":78,"column":33}},"3":{"start":{"line":79,"column":12},"end":{"line":79,"column":3266}},"4":{"start":{"line":83,"column":12},"end":{"line":83,"column":64}},"5":{"start":{"line":88,"column":42},"end":{"line":88,"column":49}},"6":{"start":{"line":89,"column":44},"end":{"line":89,"column":53}},"7":{"start":{"line":93,"column":8},"end":{"line":93,"column":29}},"8":{"start":{"line":94,"column":8},"end":{"line":94,"column":3806}},"9":{"start":{"line":98,"column":8},"end":{"line":98,"column":65}},"10":{"start":{"line":101,"column":8},"end":{"line":101,"column":40}},"11":{"start":{"line":108,"column":8},"end":{"line":108,"column":4358}},"12":{"start":{"line":112,"column":8},"end":{"line":112,"column":37}},"13":{"start":{"line":113,"column":8},"end":{"line":113,"column":4548}},"14":{"start":{"line":122,"column":8},"end":{"line":122,"column":89}},"15":{"start":{"line":129,"column":8},"end":{"line":129,"column":51}},"16":{"start":{"line":136,"column":8},"end":{"line":136,"column":67}},"17":{"start":{"line":137,"column":8},"end":{"line":137,"column":50}},"18":{"start":{"line":138,"column":8},"end":{"line":138,"column":59}},"19":{"start":{"line":139,"column":8},"end":{"line":139,"column":71}},"20":{"start":{"line":140,"column":8},"end":{"line":140,"column":85}},"21":{"start":{"line":144,"column":8},"end":{"line":144,"column":44}},"22":{"start":{"line":151,"column":8},"end":{"line":151,"column":67}},"23":{"start":{"line":152,"column":8},"end":{"line":152,"column":50}},"24":{"start":{"line":153,"column":8},"end":{"line":153,"column":59}},"25":{"start":{"line":154,"column":8},"end":{"line":154,"column":71}},"26":{"start":{"line":155,"column":8},"end":{"line":155,"column":66}},"27":{"start":{"line":159,"column":8},"end":{"line":159,"column":50}},"28":{"start":{"line":161,"column":8},"end":{"line":161,"column":6560}},"29":{"start":{"line":164,"column":8},"end":{"line":164,"column":51}},"30":{"start":{"line":170,"column":8},"end":{"line":170,"column":32}},"31":{"start":{"line":179,"column":4},"end":{"line":179,"column":63}},"32":{"start":{"line":180,"column":4},"end":{"line":180,"column":46}},"33":{"start":{"line":181,"column":4},"end":{"line":181,"column":81}},"34":{"start":{"line":182,"column":4},"end":{"line":182,"column":43}},"35":{"start":{"line":184,"column":4},"end":{"line":184,"column":47}},"36":{"start":{"line":186,"column":4},"end":{"line":186,"column":7385}},"37":{"start":{"line":187,"column":8},"end":{"line":187,"column":7427}},"38":{"start":{"line":195,"column":4},"end":{"line":195,"column":41}},"39":{"start":{"line":198,"column":4},"end":{"line":198,"column":7761}},"40":{"start":{"line":202,"column":12},"end":{"line":202,"column":67}},"41":{"start":{"line":203,"column":12},"end":{"line":203,"column":28}},"42":{"start":{"line":204,"column":12},"end":{"line":204,"column":29}},"43":{"start":{"line":205,"column":12},"end":{"line":205,"column":8109}},"44":{"start":{"line":206,"column":16},"end":{"line":206,"column":8230}},"45":{"start":{"line":209,"column":12},"end":{"line":209,"column":62}},"46":{"start":{"line":210,"column":12},"end":{"line":210,"column":63}},"47":{"start":{"line":211,"column":12},"end":{"line":211,"column":22}},"48":{"start":{"line":212,"column":12},"end":{"line":212,"column":22}},"49":{"start":{"line":213,"column":12},"end":{"line":213,"column":8508}},"50":{"start":{"line":214,"column":16},"end":{"line":214,"column":8648}},"51":{"start":{"line":219,"column":8},"end":{"line":219,"column":8800}},"52":{"start":{"line":222,"column":12},"end":{"line":222,"column":62}},"53":{"start":{"line":224,"column":12},"end":{"line":224,"column":45}},"54":{"start":{"line":229,"column":7},"end":{"line":229,"column":49}},"55":{"start":{"line":239,"column":8},"end":{"line":239,"column":67}},"56":{"start":{"line":240,"column":8},"end":{"line":240,"column":50}},"57":{"start":{"line":241,"column":8},"end":{"line":241,"column":76}},"58":{"start":{"line":244,"column":8},"end":{"line":244,"column":66}},"59":{"start":{"line":245,"column":8},"end":{"line":245,"column":67}},"60":{"start":{"line":249,"column":8},"end":{"line":249,"column":31}},"61":{"start":{"line":254,"column":8},"end":{"line":254,"column":47}},"62":{"start":{"line":259,"column":8},"end":{"line":259,"column":51}}},"branchMap":{"1":{"line":77,"type":"if","locations":[{"start":{"line":77,"column":8},"end":{"line":77,"column":8}},{"start":{"line":77,"column":8},"end":{"line":77,"column":8}}]},"2":{"line":79,"type":"if","locations":[{"start":{"line":79,"column":12},"end":{"line":79,"column":12}},{"start":{"line":79,"column":12},"end":{"line":79,"column":12}}]},"3":{"line":83,"type":"if","locations":[{"start":{"line":83,"column":12},"end":{"line":83,"column":12}},{"start":{"line":83,"column":12},"end":{"line":83,"column":12}}]},"4":{"line":88,"type":"if","locations":[{"start":{"line":88,"column":30},"end":{"line":88,"column":30}},{"start":{"line":88,"column":30},"end":{"line":88,"column":30}}]},"5":{"line":89,"type":"if","locations":[{"start":{"line":89,"column":32},"end":{"line":89,"column":32}},{"start":{"line":89,"column":32},"end":{"line":89,"column":32}}]},"6":{"line":92,"type":"if","locations":[{"start":{"line":92,"column":38},"end":{"line":92,"column":38}},{"start":{"line":92,"column":38},"end":{"line":92,"column":38}}]},"7":{"line":94,"type":"if","locations":[{"start":{"line":94,"column":8},"end":{"line":94,"column":8}},{"start":{"line":94,"column":8},"end":{"line":94,"column":8}}]},"8":{"line":98,"type":"if","locations":[{"start":{"line":98,"column":8},"end":{"line":98,"column":8}},{"start":{"line":98,"column":8},"end":{"line":98,"column":8}}]},"9":{"line":106,"type":"if","locations":[{"start":{"line":106,"column":15},"end":{"line":106,"column":15}},{"start":{"line":106,"column":15},"end":{"line":106,"column":15}}]},"10":{"line":106,"type":"if","locations":[{"start":{"line":106,"column":33},"end":{"line":106,"column":33}},{"start":{"line":106,"column":33},"end":{"line":106,"column":33}}]},"11":{"line":108,"type":"if","locations":[{"start":{"line":108,"column":8},"end":{"line":108,"column":8}},{"start":{"line":108,"column":8},"end":{"line":108,"column":8}}]},"12":{"line":127,"type":"if","locations":[{"start":{"line":127,"column":17},"end":{"line":127,"column":17}},{"start":{"line":127,"column":17},"end":{"line":127,"column":17}}]},"13":{"line":127,"type":"if","locations":[{"start":{"line":127,"column":35},"end":{"line":127,"column":35}},{"start":{"line":127,"column":35},"end":{"line":127,"column":35}}]},"14":{"line":134,"type":"if","locations":[{"start":{"line":134,"column":17},"end":{"line":134,"column":17}},{"start":{"line":134,"column":17},"end":{"line":134,"column":17}}]},"15":{"line":134,"type":"if","locations":[{"start":{"line":134,"column":35},"end":{"line":134,"column":35}},{"start":{"line":134,"column":35},"end":{"line":134,"column":35}}]},"16":{"line":136,"type":"if","locations":[{"start":{"line":136,"column":8},"end":{"line":136,"column":8}},{"start":{"line":136,"column":8},"end":{"line":136,"column":8}}]},"17":{"line":138,"type":"if","locations":[{"start":{"line":138,"column":8},"end":{"line":138,"column":8}},{"start":{"line":138,"column":8},"end":{"line":138,"column":8}}]},"18":{"line":139,"type":"if","locations":[{"start":{"line":139,"column":8},"end":{"line":139,"column":8}},{"start":{"line":139,"column":8},"end":{"line":139,"column":8}}]},"19":{"line":140,"type":"if","locations":[{"start":{"line":140,"column":8},"end":{"line":140,"column":8}},{"start":{"line":140,"column":8},"end":{"line":140,"column":8}}]},"20":{"line":149,"type":"if","locations":[{"start":{"line":149,"column":15},"end":{"line":149,"column":15}},{"start":{"line":149,"column":15},"end":{"line":149,"column":15}}]},"21":{"line":149,"type":"if","locations":[{"start":{"line":149,"column":33},"end":{"line":149,"column":33}},{"start":{"line":149,"column":33},"end":{"line":149,"column":33}}]},"22":{"line":151,"type":"if","locations":[{"start":{"line":151,"column":8},"end":{"line":151,"column":8}},{"start":{"line":151,"column":8},"end":{"line":151,"column":8}}]},"23":{"line":153,"type":"if","locations":[{"start":{"line":153,"column":8},"end":{"line":153,"column":8}},{"start":{"line":153,"column":8},"end":{"line":153,"column":8}}]},"24":{"line":154,"type":"if","locations":[{"start":{"line":154,"column":8},"end":{"line":154,"column":8}},{"start":{"line":154,"column":8},"end":{"line":154,"column":8}}]},"25":{"line":155,"type":"if","locations":[{"start":{"line":155,"column":8},"end":{"line":155,"column":8}},{"start":{"line":155,"column":8},"end":{"line":155,"column":8}}]},"26":{"line":161,"type":"if","locations":[{"start":{"line":161,"column":8},"end":{"line":161,"column":8}},{"start":{"line":161,"column":8},"end":{"line":161,"column":8}}]},"27":{"line":168,"type":"if","locations":[{"start":{"line":168,"column":17},"end":{"line":168,"column":17}},{"start":{"line":168,"column":17},"end":{"line":168,"column":17}}]},"28":{"line":168,"type":"if","locations":[{"start":{"line":168,"column":35},"end":{"line":168,"column":35}},{"start":{"line":168,"column":35},"end":{"line":168,"column":35}}]},"29":{"line":176,"type":"if","locations":[{"start":{"line":176,"column":8},"end":{"line":176,"column":8}},{"start":{"line":176,"column":8},"end":{"line":176,"column":8}}]},"30":{"line":177,"type":"if","locations":[{"start":{"line":177,"column":8},"end":{"line":177,"column":8}},{"start":{"line":177,"column":8},"end":{"line":177,"column":8}}]},"31":{"line":179,"type":"if","locations":[{"start":{"line":179,"column":4},"end":{"line":179,"column":4}},{"start":{"line":179,"column":4},"end":{"line":179,"column":4}}]},"32":{"line":181,"type":"if","locations":[{"start":{"line":181,"column":4},"end":{"line":181,"column":4}},{"start":{"line":181,"column":4},"end":{"line":181,"column":4}}]},"33":{"line":182,"type":"if","locations":[{"start":{"line":182,"column":4},"end":{"line":182,"column":4}},{"start":{"line":182,"column":4},"end":{"line":182,"column":4}}]},"34":{"line":186,"type":"if","locations":[{"start":{"line":186,"column":4},"end":{"line":186,"column":4}},{"start":{"line":186,"column":4},"end":{"line":186,"column":4}}]},"35":{"line":187,"type":"if","locations":[{"start":{"line":187,"column":8},"end":{"line":187,"column":8}},{"start":{"line":187,"column":8},"end":{"line":187,"column":8}}]},"36":{"line":198,"type":"if","locations":[{"start":{"line":198,"column":4},"end":{"line":198,"column":4}},{"start":{"line":198,"column":4},"end":{"line":198,"column":4}}]},"37":{"line":206,"type":"if","locations":[{"start":{"line":206,"column":16},"end":{"line":206,"column":16}},{"start":{"line":206,"column":16},"end":{"line":206,"column":16}}]},"38":{"line":214,"type":"if","locations":[{"start":{"line":214,"column":16},"end":{"line":214,"column":16}},{"start":{"line":214,"column":16},"end":{"line":214,"column":16}}]},"39":{"line":238,"type":"if","locations":[{"start":{"line":238,"column":15},"end":{"line":238,"column":15}},{"start":{"line":238,"column":15},"end":{"line":238,"column":15}}]},"40":{"line":238,"type":"if","locations":[{"start":{"line":238,"column":25},"end":{"line":238,"column":25}},{"start":{"line":238,"column":25},"end":{"line":238,"column":25}}]},"41":{"line":238,"type":"if","locations":[{"start":{"line":238,"column":39},"end":{"line":238,"column":39}},{"start":{"line":238,"column":39},"end":{"line":238,"column":39}}]},"42":{"line":239,"type":"if","locations":[{"start":{"line":239,"column":8},"end":{"line":239,"column":8}},{"start":{"line":239,"column":8},"end":{"line":239,"column":8}}]},"43":{"line":241,"type":"if","locations":[{"start":{"line":241,"column":8},"end":{"line":241,"column":8}},{"start":{"line":241,"column":8},"end":{"line":241,"column":8}}]},"44":{"line":252,"type":"if","locations":[{"start":{"line":252,"column":61},"end":{"line":252,"column":61}},{"start":{"line":252,"column":61},"end":{"line":252,"column":61}}]},"45":{"line":252,"type":"if","locations":[{"start":{"line":252,"column":71},"end":{"line":252,"column":71}},{"start":{"line":252,"column":71},"end":{"line":252,"column":71}}]},"46":{"line":257,"type":"if","locations":[{"start":{"line":257,"column":73},"end":{"line":257,"column":73}},{"start":{"line":257,"column":73},"end":{"line":257,"column":73}}]},"47":{"line":257,"type":"if","locations":[{"start":{"line":257,"column":83},"end":{"line":257,"column":83}},{"start":{"line":257,"column":83},"end":{"line":257,"column":83}}]}}},"contracts\\DAOModuleImplementation.sol":{"l":{"18":44,"19":44,"24":87,"29":10},"path":"D:\\IBITIcoin-project\\contracts\\DAOModuleImplementation.sol","s":{"1":87,"2":10},"b":{},"f":{"1":44,"2":87,"3":10},"fnMap":{"1":{"name":"constructor","line":17,"loc":{"start":{"line":17,"column":4},"end":{"line":20,"column":4}}},"2":{"name":"getToken","line":23,"loc":{"start":{"line":23,"column":4},"end":{"line":25,"column":4}}},"3":{"name":"getNFTDiscount","line":28,"loc":{"start":{"line":28,"column":4},"end":{"line":30,"column":4}}}},"statementMap":{"1":{"start":{"line":24,"column":8},"end":{"line":24,"column":28}},"2":{"start":{"line":29,"column":8},"end":{"line":29,"column":34}}},"branchMap":{}},"contracts\\FeeManager.sol":{"l":{"100":50,"101":45,"105":240,"106":240,"107":240,"110":240,"111":238,"113":2,"117":240,"118":240,"119":240,"124":5,"129":1,"134":147,"135":145,"136":145,"141":2,"142":1,"143":1,"154":28,"155":28,"156":28,"157":28,"158":28,"159":28,"179":34,"180":29,"181":29,"182":29,"184":52,"188":48,"189":48,"191":25,"196":47,"199":47,"201":26,"202":9,"204":10,"206":7,"212":21,"213":21,"214":33,"215":21,"217":12,"220":21,"223":47,"228":4,"235":11,"236":11,"237":11,"238":11,"243":45,"244":3,"245":3,"247":42,"263":45,"264":45,"265":45,"266":41,"267":41,"268":41,"269":41,"271":45,"272":45,"273":45,"275":45,"277":45,"278":45,"305":79,"308":79,"311":79,"314":79,"315":79,"316":0,"320":79,"323":79,"324":79,"325":79,"340":79,"341":5,"344":74,"347":74,"348":8,"349":8,"350":8,"353":74,"354":11,"357":74,"358":8,"361":74,"362":68,"363":10,"365":2,"370":74,"371":74,"374":74,"375":74,"376":63,"381":2,"382":2,"386":6,"387":6,"391":23,"392":23,"396":23,"397":23,"401":2,"402":2,"408":9,"412":4,"416":1},"path":"D:\\IBITIcoin-project\\contracts\\FeeManager.sol","s":{"1":50,"2":240,"3":240,"4":5,"5":1,"6":147,"7":145,"8":2,"9":1,"10":28,"11":34,"12":29,"13":29,"14":52,"15":48,"16":25,"17":47,"18":47,"19":26,"20":17,"21":21,"22":21,"23":33,"24":47,"25":4,"26":11,"27":11,"28":45,"29":45,"30":45,"31":45,"32":45,"33":45,"34":45,"35":79,"36":79,"37":79,"38":79,"39":79,"40":79,"41":79,"42":79,"43":79,"44":5,"45":74,"46":74,"47":8,"48":74,"49":74,"50":74,"51":68,"52":58,"53":74,"54":74,"55":74,"56":74,"57":11,"58":63,"59":2,"60":6,"61":23,"62":23,"63":2},"b":{"1":[45,5],"2":[240,0],"3":[5,0],"4":[1,0],"5":[148,2],"6":[147,1],"7":[145,2],"8":[2,0],"9":[2,0],"10":[1,1],"11":[29,0],"12":[28,1],"13":[35,2],"14":[34,1],"15":[29,5],"16":[48,4],"17":[47,0],"18":[47,0],"19":[47,0],"20":[26,21],"21":[9,17],"22":[10,7],"23":[21,12],"24":[4,0],"25":[4,0],"26":[11,0],"27":[11,0],"28":[11,0],"29":[3,42],"30":[45,5],"31":[45,0],"32":[45,0],"33":[41,4],"34":[13,32],"35":[0,79],"36":[6,73],"37":[10,69],"38":[5,74],"39":[8,66],"40":[11,63],"41":[8,66],"42":[68,6],"43":[10,58],"44":[2,56],"45":[1,73],"46":[1,73],"47":[11,63],"48":[2,0],"49":[2,0],"50":[6,0],"51":[6,0],"52":[23,0],"53":[23,0],"54":[23,0],"55":[23,0],"56":[2,0],"57":[2,0],"58":[9,0],"59":[9,0],"60":[4,1],"61":[4,0],"62":[2,0],"63":[1,1]},"f":{"1":50,"2":240,"3":5,"4":1,"5":147,"6":2,"7":28,"8":34,"9":47,"10":4,"11":11,"12":45,"13":45,"14":79,"15":79,"16":2,"17":6,"18":23,"19":23,"20":2,"21":9,"22":4,"23":1},"fnMap":{"1":{"name":"onlyTokenContract","line":99,"loc":{"start":{"line":99,"column":4},"end":{"line":102,"column":4}}},"2":{"name":"constructor","line":104,"loc":{"start":{"line":104,"column":4},"end":{"line":120,"column":6}}},"3":{"name":"pause","line":123,"loc":{"start":{"line":123,"column":4},"end":{"line":125,"column":4}}},"4":{"name":"unpause","line":128,"loc":{"start":{"line":128,"column":4},"end":{"line":130,"column":4}}},"5":{"name":"setTokenContract","line":133,"loc":{"start":{"line":133,"column":4},"end":{"line":137,"column":4}}},"6":{"name":"setHoldTracker","line":140,"loc":{"start":{"line":140,"column":4},"end":{"line":144,"column":4}}},"7":{"name":"setVolatilityParams","line":153,"loc":{"start":{"line":147,"column":4},"end":{"line":166,"column":4}}},"8":{"name":"setVolatilityTiers","line":178,"loc":{"start":{"line":178,"column":4},"end":{"line":192,"column":4}}},"9":{"name":"auditParameters","line":195,"loc":{"start":{"line":195,"column":4},"end":{"line":224,"column":4}}},"10":{"name":"autoAdjustVolatilityCoefficient","line":227,"loc":{"start":{"line":227,"column":4},"end":{"line":229,"column":4}}},"11":{"name":"setBaseFees","line":233,"loc":{"start":{"line":232,"column":4},"end":{"line":239,"column":4}}},"12":{"name":"_updateVolume","line":242,"loc":{"start":{"line":242,"column":4},"end":{"line":249,"column":4}}},"13":{"name":"updateActivity","line":261,"loc":{"start":{"line":257,"column":4},"end":{"line":279,"column":4}}},"14":{"name":"calculateFee","line":294,"loc":{"start":{"line":294,"column":4},"end":{"line":326,"column":4}}},"15":{"name":"_calculateFinalPercentage","line":331,"loc":{"start":{"line":331,"column":4},"end":{"line":377,"column":4}}},"16":{"name":"setBaseBuyFee","line":380,"loc":{"start":{"line":380,"column":4},"end":{"line":383,"column":4}}},"17":{"name":"setBaseSellFee","line":385,"loc":{"start":{"line":385,"column":4},"end":{"line":388,"column":4}}},"18":{"name":"setMinFee","line":390,"loc":{"start":{"line":390,"column":4},"end":{"line":393,"column":4}}},"19":{"name":"setMaxFee","line":395,"loc":{"start":{"line":395,"column":4},"end":{"line":398,"column":4}}},"20":{"name":"setTimeDecay","line":400,"loc":{"start":{"line":400,"column":4},"end":{"line":403,"column":4}}},"21":{"name":"setHoldDiscountEnabled","line":407,"loc":{"start":{"line":407,"column":4},"end":{"line":409,"column":4}}},"22":{"name":"setVipDiscountEnabled","line":411,"loc":{"start":{"line":411,"column":4},"end":{"line":413,"column":4}}},"23":{"name":"setStakingDiscountEnabled","line":415,"loc":{"start":{"line":415,"column":4},"end":{"line":417,"column":4}}}},"statementMap":{"1":{"start":{"line":100,"column":8},"end":{"line":100,"column":66}},"2":{"start":{"line":105,"column":8},"end":{"line":105,"column":70}},"3":{"start":{"line":110,"column":8},"end":{"line":110,"column":4566}},"4":{"start":{"line":124,"column":8},"end":{"line":124,"column":15}},"5":{"start":{"line":129,"column":8},"end":{"line":129,"column":17}},"6":{"start":{"line":134,"column":8},"end":{"line":134,"column":70}},"7":{"start":{"line":136,"column":8},"end":{"line":136,"column":45}},"8":{"start":{"line":141,"column":8},"end":{"line":141,"column":66}},"9":{"start":{"line":143,"column":8},"end":{"line":143,"column":41}},"10":{"start":{"line":159,"column":8},"end":{"line":159,"column":6447}},"11":{"start":{"line":179,"column":8},"end":{"line":179,"column":70}},"12":{"start":{"line":181,"column":8},"end":{"line":181,"column":33}},"13":{"start":{"line":182,"column":8},"end":{"line":182,"column":7460}},"14":{"start":{"line":184,"column":12},"end":{"line":184,"column":7587}},"15":{"start":{"line":189,"column":12},"end":{"line":189,"column":41}},"16":{"start":{"line":191,"column":8},"end":{"line":191,"column":42}},"17":{"start":{"line":196,"column":8},"end":{"line":196,"column":91}},"18":{"start":{"line":199,"column":8},"end":{"line":199,"column":8243}},"19":{"start":{"line":201,"column":12},"end":{"line":201,"column":8325}},"20":{"start":{"line":203,"column":19},"end":{"line":203,"column":8441}},"21":{"start":{"line":212,"column":12},"end":{"line":212,"column":60}},"22":{"start":{"line":213,"column":12},"end":{"line":213,"column":8959}},"23":{"start":{"line":214,"column":16},"end":{"line":214,"column":9035}},"24":{"start":{"line":223,"column":8},"end":{"line":223,"column":64}},"25":{"start":{"line":228,"column":8},"end":{"line":228,"column":24}},"26":{"start":{"line":235,"column":8},"end":{"line":235,"column":72}},"27":{"start":{"line":238,"column":8},"end":{"line":238,"column":55}},"28":{"start":{"line":243,"column":8},"end":{"line":243,"column":10056}},"29":{"start":{"line":263,"column":8},"end":{"line":263,"column":55}},"30":{"start":{"line":264,"column":8},"end":{"line":264,"column":65}},"31":{"start":{"line":265,"column":8},"end":{"line":265,"column":10798}},"32":{"start":{"line":273,"column":8},"end":{"line":273,"column":11073}},"33":{"start":{"line":277,"column":8},"end":{"line":277,"column":28}},"34":{"start":{"line":278,"column":8},"end":{"line":278,"column":101}},"35":{"start":{"line":308,"column":8},"end":{"line":308,"column":115}},"36":{"start":{"line":311,"column":8},"end":{"line":311,"column":62}},"37":{"start":{"line":314,"column":8},"end":{"line":314,"column":45}},"38":{"start":{"line":315,"column":8},"end":{"line":315,"column":13018}},"39":{"start":{"line":320,"column":8},"end":{"line":320,"column":64}},"40":{"start":{"line":323,"column":8},"end":{"line":323,"column":44}},"41":{"start":{"line":324,"column":8},"end":{"line":324,"column":44}},"42":{"start":{"line":325,"column":8},"end":{"line":325,"column":21}},"43":{"start":{"line":340,"column":8},"end":{"line":340,"column":13789}},"44":{"start":{"line":341,"column":12},"end":{"line":341,"column":41}},"45":{"start":{"line":344,"column":8},"end":{"line":344,"column":40}},"46":{"start":{"line":347,"column":8},"end":{"line":347,"column":13965}},"47":{"start":{"line":348,"column":12},"end":{"line":348,"column":42}},"48":{"start":{"line":353,"column":8},"end":{"line":353,"column":14209}},"49":{"start":{"line":357,"column":8},"end":{"line":357,"column":14335}},"50":{"start":{"line":361,"column":8},"end":{"line":361,"column":14420}},"51":{"start":{"line":362,"column":12},"end":{"line":362,"column":14464}},"52":{"start":{"line":364,"column":19},"end":{"line":364,"column":14544}},"53":{"start":{"line":370,"column":8},"end":{"line":370,"column":28}},"54":{"start":{"line":371,"column":8},"end":{"line":371,"column":30}},"55":{"start":{"line":374,"column":8},"end":{"line":374,"column":34}},"56":{"start":{"line":375,"column":8},"end":{"line":375,"column":40}},"57":{"start":{"line":375,"column":32},"end":{"line":375,"column":40}},"58":{"start":{"line":376,"column":8},"end":{"line":376,"column":58}},"59":{"start":{"line":382,"column":8},"end":{"line":382,"column":85}},"60":{"start":{"line":387,"column":8},"end":{"line":387,"column":85}},"61":{"start":{"line":392,"column":8},"end":{"line":392,"column":85}},"62":{"start":{"line":397,"column":8},"end":{"line":397,"column":85}},"63":{"start":{"line":402,"column":8},"end":{"line":402,"column":85}}},"branchMap":{"1":{"line":100,"type":"if","locations":[{"start":{"line":100,"column":8},"end":{"line":100,"column":8}},{"start":{"line":100,"column":8},"end":{"line":100,"column":8}}]},"2":{"line":105,"type":"if","locations":[{"start":{"line":105,"column":8},"end":{"line":105,"column":8}},{"start":{"line":105,"column":8},"end":{"line":105,"column":8}}]},"3":{"line":123,"type":"if","locations":[{"start":{"line":123,"column":30},"end":{"line":123,"column":30}},{"start":{"line":123,"column":30},"end":{"line":123,"column":30}}]},"4":{"line":128,"type":"if","locations":[{"start":{"line":128,"column":32},"end":{"line":128,"column":32}},{"start":{"line":128,"column":32},"end":{"line":128,"column":32}}]},"5":{"line":133,"type":"if","locations":[{"start":{"line":133,"column":63},"end":{"line":133,"column":63}},{"start":{"line":133,"column":63},"end":{"line":133,"column":63}}]},"6":{"line":133,"type":"if","locations":[{"start":{"line":133,"column":73},"end":{"line":133,"column":73}},{"start":{"line":133,"column":73},"end":{"line":133,"column":73}}]},"7":{"line":134,"type":"if","locations":[{"start":{"line":134,"column":8},"end":{"line":134,"column":8}},{"start":{"line":134,"column":8},"end":{"line":134,"column":8}}]},"8":{"line":140,"type":"if","locations":[{"start":{"line":140,"column":59},"end":{"line":140,"column":59}},{"start":{"line":140,"column":59},"end":{"line":140,"column":59}}]},"9":{"line":140,"type":"if","locations":[{"start":{"line":140,"column":69},"end":{"line":140,"column":69}},{"start":{"line":140,"column":69},"end":{"line":140,"column":69}}]},"10":{"line":141,"type":"if","locations":[{"start":{"line":141,"column":8},"end":{"line":141,"column":8}},{"start":{"line":141,"column":8},"end":{"line":141,"column":8}}]},"11":{"line":153,"type":"if","locations":[{"start":{"line":153,"column":15},"end":{"line":153,"column":15}},{"start":{"line":153,"column":15},"end":{"line":153,"column":15}}]},"12":{"line":153,"type":"if","locations":[{"start":{"line":153,"column":25},"end":{"line":153,"column":25}},{"start":{"line":153,"column":25},"end":{"line":153,"column":25}}]},"13":{"line":178,"type":"if","locations":[{"start":{"line":178,"column":74},"end":{"line":178,"column":74}},{"start":{"line":178,"column":74},"end":{"line":178,"column":74}}]},"14":{"line":178,"type":"if","locations":[{"start":{"line":178,"column":84},"end":{"line":178,"column":84}},{"start":{"line":178,"column":84},"end":{"line":178,"column":84}}]},"15":{"line":179,"type":"if","locations":[{"start":{"line":179,"column":8},"end":{"line":179,"column":8}},{"start":{"line":179,"column":8},"end":{"line":179,"column":8}}]},"16":{"line":184,"type":"if","locations":[{"start":{"line":184,"column":12},"end":{"line":184,"column":12}},{"start":{"line":184,"column":12},"end":{"line":184,"column":12}}]},"17":{"line":195,"type":"if","locations":[{"start":{"line":195,"column":38},"end":{"line":195,"column":38}},{"start":{"line":195,"column":38},"end":{"line":195,"column":38}}]},"18":{"line":195,"type":"if","locations":[{"start":{"line":195,"column":48},"end":{"line":195,"column":48}},{"start":{"line":195,"column":48},"end":{"line":195,"column":48}}]},"19":{"line":196,"type":"if","locations":[{"start":{"line":196,"column":70},"end":{"line":196,"column":86}},{"start":{"line":196,"column":90},"end":{"line":196,"column":90}}]},"20":{"line":199,"type":"if","locations":[{"start":{"line":199,"column":8},"end":{"line":199,"column":8}},{"start":{"line":199,"column":8},"end":{"line":199,"column":8}}]},"21":{"line":201,"type":"if","locations":[{"start":{"line":201,"column":12},"end":{"line":201,"column":12}},{"start":{"line":201,"column":12},"end":{"line":201,"column":12}}]},"22":{"line":203,"type":"if","locations":[{"start":{"line":203,"column":19},"end":{"line":203,"column":19}},{"start":{"line":203,"column":19},"end":{"line":203,"column":19}}]},"23":{"line":214,"type":"if","locations":[{"start":{"line":214,"column":16},"end":{"line":214,"column":16}},{"start":{"line":214,"column":16},"end":{"line":214,"column":16}}]},"24":{"line":227,"type":"if","locations":[{"start":{"line":227,"column":56},"end":{"line":227,"column":56}},{"start":{"line":227,"column":56},"end":{"line":227,"column":56}}]},"25":{"line":227,"type":"if","locations":[{"start":{"line":227,"column":66},"end":{"line":227,"column":66}},{"start":{"line":227,"column":66},"end":{"line":227,"column":66}}]},"26":{"line":233,"type":"if","locations":[{"start":{"line":233,"column":17},"end":{"line":233,"column":17}},{"start":{"line":233,"column":17},"end":{"line":233,"column":17}}]},"27":{"line":233,"type":"if","locations":[{"start":{"line":233,"column":27},"end":{"line":233,"column":27}},{"start":{"line":233,"column":27},"end":{"line":233,"column":27}}]},"28":{"line":235,"type":"if","locations":[{"start":{"line":235,"column":8},"end":{"line":235,"column":8}},{"start":{"line":235,"column":8},"end":{"line":235,"column":8}}]},"29":{"line":243,"type":"if","locations":[{"start":{"line":243,"column":8},"end":{"line":243,"column":8}},{"start":{"line":243,"column":8},"end":{"line":243,"column":8}}]},"30":{"line":259,"type":"if","locations":[{"start":{"line":259,"column":8},"end":{"line":259,"column":8}},{"start":{"line":259,"column":8},"end":{"line":259,"column":8}}]},"31":{"line":260,"type":"if","locations":[{"start":{"line":260,"column":8},"end":{"line":260,"column":8}},{"start":{"line":260,"column":8},"end":{"line":260,"column":8}}]},"32":{"line":261,"type":"if","locations":[{"start":{"line":261,"column":8},"end":{"line":261,"column":8}},{"start":{"line":261,"column":8},"end":{"line":261,"column":8}}]},"33":{"line":265,"type":"if","locations":[{"start":{"line":265,"column":8},"end":{"line":265,"column":8}},{"start":{"line":265,"column":8},"end":{"line":265,"column":8}}]},"34":{"line":273,"type":"if","locations":[{"start":{"line":273,"column":8},"end":{"line":273,"column":8}},{"start":{"line":273,"column":8},"end":{"line":273,"column":8}}]},"35":{"line":315,"type":"if","locations":[{"start":{"line":315,"column":8},"end":{"line":315,"column":8}},{"start":{"line":315,"column":8},"end":{"line":315,"column":8}}]},"36":{"line":323,"type":"if","locations":[{"start":{"line":323,"column":8},"end":{"line":323,"column":8}},{"start":{"line":323,"column":8},"end":{"line":323,"column":8}}]},"37":{"line":324,"type":"if","locations":[{"start":{"line":324,"column":8},"end":{"line":324,"column":8}},{"start":{"line":324,"column":8},"end":{"line":324,"column":8}}]},"38":{"line":340,"type":"if","locations":[{"start":{"line":340,"column":8},"end":{"line":340,"column":8}},{"start":{"line":340,"column":8},"end":{"line":340,"column":8}}]},"39":{"line":347,"type":"if","locations":[{"start":{"line":347,"column":8},"end":{"line":347,"column":8}},{"start":{"line":347,"column":8},"end":{"line":347,"column":8}}]},"40":{"line":353,"type":"if","locations":[{"start":{"line":353,"column":8},"end":{"line":353,"column":8}},{"start":{"line":353,"column":8},"end":{"line":353,"column":8}}]},"41":{"line":357,"type":"if","locations":[{"start":{"line":357,"column":8},"end":{"line":357,"column":8}},{"start":{"line":357,"column":8},"end":{"line":357,"column":8}}]},"42":{"line":361,"type":"if","locations":[{"start":{"line":361,"column":8},"end":{"line":361,"column":8}},{"start":{"line":361,"column":8},"end":{"line":361,"column":8}}]},"43":{"line":362,"type":"if","locations":[{"start":{"line":362,"column":12},"end":{"line":362,"column":12}},{"start":{"line":362,"column":12},"end":{"line":362,"column":12}}]},"44":{"line":364,"type":"if","locations":[{"start":{"line":364,"column":19},"end":{"line":364,"column":19}},{"start":{"line":364,"column":19},"end":{"line":364,"column":19}}]},"45":{"line":370,"type":"if","locations":[{"start":{"line":370,"column":8},"end":{"line":370,"column":8}},{"start":{"line":370,"column":8},"end":{"line":370,"column":8}}]},"46":{"line":371,"type":"if","locations":[{"start":{"line":371,"column":8},"end":{"line":371,"column":8}},{"start":{"line":371,"column":8},"end":{"line":371,"column":8}}]},"47":{"line":375,"type":"if","locations":[{"start":{"line":375,"column":8},"end":{"line":375,"column":8}},{"start":{"line":375,"column":8},"end":{"line":375,"column":8}}]},"48":{"line":380,"type":"if","locations":[{"start":{"line":380,"column":49},"end":{"line":380,"column":49}},{"start":{"line":380,"column":49},"end":{"line":380,"column":49}}]},"49":{"line":380,"type":"if","locations":[{"start":{"line":380,"column":59},"end":{"line":380,"column":59}},{"start":{"line":380,"column":59},"end":{"line":380,"column":59}}]},"50":{"line":385,"type":"if","locations":[{"start":{"line":385,"column":50},"end":{"line":385,"column":50}},{"start":{"line":385,"column":50},"end":{"line":385,"column":50}}]},"51":{"line":385,"type":"if","locations":[{"start":{"line":385,"column":60},"end":{"line":385,"column":60}},{"start":{"line":385,"column":60},"end":{"line":385,"column":60}}]},"52":{"line":390,"type":"if","locations":[{"start":{"line":390,"column":45},"end":{"line":390,"column":45}},{"start":{"line":390,"column":45},"end":{"line":390,"column":45}}]},"53":{"line":390,"type":"if","locations":[{"start":{"line":390,"column":55},"end":{"line":390,"column":55}},{"start":{"line":390,"column":55},"end":{"line":390,"column":55}}]},"54":{"line":395,"type":"if","locations":[{"start":{"line":395,"column":45},"end":{"line":395,"column":45}},{"start":{"line":395,"column":45},"end":{"line":395,"column":45}}]},"55":{"line":395,"type":"if","locations":[{"start":{"line":395,"column":55},"end":{"line":395,"column":55}},{"start":{"line":395,"column":55},"end":{"line":395,"column":55}}]},"56":{"line":400,"type":"if","locations":[{"start":{"line":400,"column":50},"end":{"line":400,"column":50}},{"start":{"line":400,"column":50},"end":{"line":400,"column":50}}]},"57":{"line":400,"type":"if","locations":[{"start":{"line":400,"column":60},"end":{"line":400,"column":60}},{"start":{"line":400,"column":60},"end":{"line":400,"column":60}}]},"58":{"line":407,"type":"if","locations":[{"start":{"line":407,"column":59},"end":{"line":407,"column":59}},{"start":{"line":407,"column":59},"end":{"line":407,"column":59}}]},"59":{"line":407,"type":"if","locations":[{"start":{"line":407,"column":69},"end":{"line":407,"column":69}},{"start":{"line":407,"column":69},"end":{"line":407,"column":69}}]},"60":{"line":411,"type":"if","locations":[{"start":{"line":411,"column":58},"end":{"line":411,"column":58}},{"start":{"line":411,"column":58},"end":{"line":411,"column":58}}]},"61":{"line":411,"type":"if","locations":[{"start":{"line":411,"column":68},"end":{"line":411,"column":68}},{"start":{"line":411,"column":68},"end":{"line":411,"column":68}}]},"62":{"line":415,"type":"if","locations":[{"start":{"line":415,"column":62},"end":{"line":415,"column":62}},{"start":{"line":415,"column":62},"end":{"line":415,"column":62}}]},"63":{"line":415,"type":"if","locations":[{"start":{"line":415,"column":72},"end":{"line":415,"column":72}},{"start":{"line":415,"column":72},"end":{"line":415,"column":72}}]}}},"contracts\\IBITIcoin.sol":{"l":{"175":189,"176":3,"178":186,"179":186,"180":186,"181":186,"182":186,"183":186,"184":186,"185":186,"187":186,"188":186,"189":186,"190":186,"192":186,"193":186,"201":186,"204":186,"205":186,"206":186,"207":186,"223":375,"224":375,"239":26,"240":26,"241":22,"243":18,"244":18,"245":122,"246":122,"248":119,"249":119,"252":119,"254":119,"256":15,"257":15,"262":679,"264":679,"265":670,"266":670,"267":670,"271":679,"274":5,"280":250,"281":250,"283":246,"284":234,"285":231,"286":229,"289":12,"290":12,"300":12,"302":12,"303":9,"304":9,"306":9,"307":9,"309":9,"310":9,"311":6,"313":9,"314":9,"316":3,"317":3,"320":12,"321":4,"323":12,"328":123,"331":8,"336":1,"337":1,"338":1,"339":1,"343":1,"344":1,"345":1,"346":1,"351":22,"352":17,"356":10,"357":7,"361":10,"362":7,"367":6,"368":3,"369":3,"373":4,"374":3,"375":3,"380":27,"381":4,"382":4,"383":4,"384":3,"386":23,"391":0,"392":0,"394":0,"395":0,"405":0,"406":0,"411":21,"412":21,"413":20,"415":20,"416":18,"417":18,"419":18,"421":18,"422":18,"423":18,"424":1,"425":1,"428":18,"429":18,"430":18,"431":1,"438":10,"439":8,"440":8,"441":8,"442":8,"444":8,"445":8,"447":8,"449":8,"450":8,"451":1,"452":8,"457":13,"458":13,"461":13,"462":13,"464":13,"472":13,"474":13,"476":13,"477":11,"478":11,"479":6,"481":6,"485":13,"486":13,"491":6,"493":6,"494":6,"499":7,"500":7,"501":7,"502":7,"507":7,"508":7,"509":4,"510":4,"511":4,"517":73,"521":30,"529":2,"530":1,"534":16,"535":15,"539":2,"540":1,"544":2,"545":1,"549":2,"550":1,"554":2,"555":1,"559":11,"560":11,"561":11,"565":89,"566":89,"572":6,"584":2,"585":1,"586":1,"593":3,"594":3,"595":3,"599":4,"600":4,"601":4,"605":5,"606":3,"607":2,"608":1,"609":1,"615":3,"616":1,"617":1,"622":6,"623":3,"624":3,"625":3},"path":"D:\\IBITIcoin-project\\contracts\\IBITIcoin.sol","s":{"1":189,"2":3,"3":186,"4":186,"5":186,"6":186,"7":4,"8":4,"9":4,"10":5,"11":4,"12":4,"13":375,"14":0,"15":375,"16":9,"17":9,"18":11,"19":5,"20":26,"21":26,"22":4,"23":22,"24":4,"25":18,"26":18,"27":122,"28":122,"29":3,"30":119,"31":119,"32":15,"33":15,"34":679,"35":679,"36":670,"37":670,"38":679,"39":5,"40":191,"41":250,"42":0,"43":250,"44":4,"45":246,"46":234,"47":7,"48":231,"49":229,"50":12,"51":12,"52":12,"53":12,"54":9,"55":1,"56":9,"57":9,"58":9,"59":3,"60":9,"61":9,"62":6,"63":9,"64":9,"65":3,"66":0,"67":3,"68":12,"69":4,"70":12,"71":123,"72":8,"73":1,"74":1,"75":22,"76":5,"77":17,"78":3,"79":10,"80":3,"81":7,"82":1,"83":10,"84":3,"85":7,"86":1,"87":6,"88":3,"89":3,"90":3,"91":4,"92":1,"93":3,"94":3,"95":27,"96":4,"97":0,"98":4,"99":4,"100":1,"101":3,"102":23,"103":0,"104":0,"105":0,"106":0,"107":0,"108":0,"109":21,"110":0,"111":21,"112":20,"113":0,"114":20,"115":18,"116":18,"117":0,"118":18,"119":18,"120":18,"121":18,"122":1,"123":1,"124":0,"125":18,"126":18,"127":1,"128":10,"129":2,"130":8,"131":8,"132":0,"133":8,"134":8,"135":8,"136":8,"137":0,"138":8,"139":8,"140":8,"141":1,"142":8,"143":13,"144":0,"145":13,"146":13,"147":0,"148":13,"149":13,"150":13,"151":13,"152":13,"153":11,"154":11,"155":6,"156":0,"157":6,"158":6,"159":6,"160":6,"161":0,"162":6,"163":6,"164":7,"165":7,"166":7,"167":7,"168":7,"169":7,"170":3,"171":4,"172":4,"173":0,"174":2,"175":1,"176":16,"177":1,"178":2,"179":1,"180":2,"181":1,"182":2,"183":1,"184":2,"185":1,"186":11,"187":0,"188":11,"189":89,"190":0,"191":3,"192":25,"193":18,"194":16,"195":5,"196":2,"197":1,"198":1,"199":3,"200":0,"201":3,"202":4,"203":4,"204":5,"205":2,"206":3,"207":1,"208":2,"209":1,"210":1,"211":1,"212":3,"213":2,"214":1,"215":1,"216":6,"217":3,"218":3,"219":3,"220":3},"b":{"1":[3,186],"2":[3,0],"3":[0,375],"4":[9,0],"5":[9,0],"6":[11,0],"7":[11,0],"8":[5,0],"9":[5,0],"10":[28,0],"11":[26,2],"12":[4,22],"13":[3,1],"14":[4,18],"15":[3,119],"16":[670,9],"17":[356,314],"18":[22,657],"19":[2,3],"20":[0,250],"21":[4,246],"22":[3,1],"23":[234,12],"24":[234,0],"25":[0,0],"26":[7,227],"27":[0,12],"28":[9,3],"29":[1,8],"30":[3,6],"31":[3,6],"32":[6,3],"33":[0,3],"34":[4,8],"35":[123,0],"36":[123,0],"37":[8,0],"38":[8,0],"39":[1,0],"40":[1,0],"41":[1,0],"42":[1,0],"43":[22,0],"44":[22,0],"45":[5,17],"46":[3,5],"47":[10,0],"48":[10,0],"49":[3,7],"50":[1,3],"51":[10,0],"52":[10,0],"53":[3,7],"54":[1,3],"55":[6,0],"56":[6,0],"57":[3,3],"58":[4,0],"59":[4,0],"60":[1,3],"61":[4,23],"62":[0,4],"63":[1,3],"64":[0,0],"65":[0,0],"66":[0,0],"67":[0,0],"68":[21,0],"69":[21,0],"70":[0,21],"71":[0,20],"72":[0,18],"73":[1,17],"74":[0,1],"75":[1,17],"76":[10,0],"77":[10,0],"78":[2,8],"79":[0,8],"80":[3,5],"81":[0,8],"82":[1,7],"83":[0,13],"84":[0,0],"85":[6,7],"86":[0,13],"87":[6,7],"88":[0,13],"89":[11,2],"90":[6,5],"91":[0,6],"92":[6,0],"93":[6,0],"94":[0,6],"95":[7,0],"96":[7,0],"97":[7,0],"98":[7,0],"99":[7,0],"100":[3,4],"101":[0,4],"102":[73,0],"103":[73,0],"104":[30,0],"105":[30,0],"106":[18,0],"107":[18,0],"108":[7,0],"109":[7,0],"110":[45,0],"111":[45,0],"112":[2,0],"113":[2,0],"114":[1,1],"115":[16,0],"116":[16,0],"117":[1,15],"118":[2,0],"119":[2,0],"120":[1,1],"121":[2,0],"122":[2,0],"123":[1,1],"124":[2,0],"125":[2,0],"126":[1,1],"127":[2,0],"128":[2,0],"129":[1,1],"130":[11,0],"131":[11,0],"132":[0,11],"133":[89,0],"134":[89,0],"135":[0,89],"136":[6,0],"137":[6,0],"138":[4,0],"139":[3,1],"140":[26,0],"141":[25,1],"142":[19,0],"143":[18,1],"144":[17,0],"145":[16,1],"146":[6,0],"147":[5,1],"148":[4,0],"149":[3,1],"150":[2,0],"151":[2,0],"152":[1,1],"153":[18,0],"154":[18,0],"155":[3,0],"156":[3,0],"157":[0,3],"158":[4,0],"159":[4,0],"160":[4,0],"161":[5,0],"162":[5,0],"163":[2,3],"164":[1,2],"165":[1,1],"166":[3,0],"167":[3,0],"168":[2,1],"169":[1,1],"170":[6,0],"171":[6,0],"172":[3,3]},"f":{"1":189,"2":4,"3":4,"4":4,"5":5,"6":4,"7":4,"8":375,"9":9,"10":9,"11":11,"12":5,"13":26,"14":679,"15":5,"16":191,"17":250,"18":123,"19":8,"20":1,"21":1,"22":22,"23":10,"24":10,"25":6,"26":4,"27":27,"28":0,"29":21,"30":10,"31":13,"32":6,"33":7,"34":7,"35":73,"36":30,"37":18,"38":7,"39":45,"40":2,"41":16,"42":2,"43":2,"44":2,"45":2,"46":11,"47":89,"48":6,"49":3,"50":25,"51":18,"52":16,"53":5,"54":3,"55":2,"56":18,"57":3,"58":4,"59":5,"60":3,"61":6,"62":3},"fnMap":{"1":{"name":"constructor","line":174,"loc":{"start":{"line":164,"column":4},"end":{"line":208,"column":4}}},"2":{"name":"burnEnabled","line":213,"loc":{"start":{"line":213,"column":4},"end":{"line":213,"column":91}}},"3":{"name":"distributionEnabled","line":214,"loc":{"start":{"line":214,"column":4},"end":{"line":214,"column":99}}},"4":{"name":"purchaseFeeEnabled","line":215,"loc":{"start":{"line":215,"column":4},"end":{"line":215,"column":98}}},"5":{"name":"transferFeeEnabled","line":216,"loc":{"start":{"line":216,"column":4},"end":{"line":216,"column":98}}},"6":{"name":"saleFeeEnabled","line":217,"loc":{"start":{"line":217,"column":4},"end":{"line":217,"column":94}}},"7":{"name":"activityTrackingEnabled","line":218,"loc":{"start":{"line":218,"column":4},"end":{"line":219,"column":0}}},"8":{"name":"_mint","line":222,"loc":{"start":{"line":222,"column":0},"end":{"line":225,"column":0}}},"9":{"name":"pause","line":228,"loc":{"start":{"line":228,"column":0},"end":{"line":228,"column":48}}},"10":{"name":"unpause","line":229,"loc":{"start":{"line":229,"column":0},"end":{"line":229,"column":52}}},"11":{"name":"freezeAccount","line":232,"loc":{"start":{"line":232,"column":0},"end":{"line":232,"column":121}}},"12":{"name":"unfreezeAccount","line":233,"loc":{"start":{"line":233,"column":0},"end":{"line":233,"column":123}}},"13":{"name":"batchTransfer","line":237,"loc":{"start":{"line":236,"column":0},"end":{"line":258,"column":0}}},"14":{"name":"_afterTokenTransfer","line":261,"loc":{"start":{"line":261,"column":0},"end":{"line":272,"column":0}}},"15":{"name":"getHoldingDuration","line":273,"loc":{"start":{"line":273,"column":0},"end":{"line":275,"column":0}}},"16":{"name":"decimals","line":276,"loc":{"start":{"line":276,"column":0},"end":{"line":276,"column":76}}},"17":{"name":"_doTransfer","line":279,"loc":{"start":{"line":279,"column":0},"end":{"line":324,"column":0}}},"18":{"name":"transfer","line":327,"loc":{"start":{"line":327,"column":0},"end":{"line":329,"column":0}}},"19":{"name":"transferFrom","line":330,"loc":{"start":{"line":330,"column":0},"end":{"line":332,"column":0}}},"20":{"name":"stakeTokens","line":335,"loc":{"start":{"line":335,"column":0},"end":{"line":340,"column":0}}},"21":{"name":"unstakeTokens","line":342,"loc":{"start":{"line":342,"column":0},"end":{"line":347,"column":0}}},"22":{"name":"createProposalSimple","line":350,"loc":{"start":{"line":350,"column":0},"end":{"line":353,"column":0}}},"23":{"name":"voteProposal","line":355,"loc":{"start":{"line":355,"column":0},"end":{"line":358,"column":0}}},"24":{"name":"executeProposalSimple","line":360,"loc":{"start":{"line":360,"column":0},"end":{"line":363,"column":0}}},"25":{"name":"bridgeMint","line":366,"loc":{"start":{"line":366,"column":0},"end":{"line":370,"column":0}}},"26":{"name":"bridgeBurn","line":372,"loc":{"start":{"line":372,"column":0},"end":{"line":376,"column":0}}},"27":{"name":"_getEffectivePriceBNB","line":379,"loc":{"start":{"line":379,"column":0},"end":{"line":387,"column":4}}},"28":{"name":"_chargeFee","line":390,"loc":{"start":{"line":390,"column":0},"end":{"line":407,"column":0}}},"29":{"name":"purchaseCoinBNB","line":410,"loc":{"start":{"line":410,"column":0},"end":{"line":432,"column":0}}},"30":{"name":"purchaseCoinToken","line":436,"loc":{"start":{"line":435,"column":0},"end":{"line":453,"column":0}}},"31":{"name":"_sell","line":456,"loc":{"start":{"line":456,"column":0},"end":{"line":487,"column":0}}},"32":{"name":"sellCoinBNB","line":490,"loc":{"start":{"line":490,"column":0},"end":{"line":495,"column":0}}},"33":{"name":"sellCoinToken","line":498,"loc":{"start":{"line":498,"column":0},"end":{"line":503,"column":0}}},"34":{"name":"withdrawOwnerFunds","line":506,"loc":{"start":{"line":506,"column":0},"end":{"line":512,"column":0}}},"35":{"name":"setAcceptedPayment","line":516,"loc":{"start":{"line":516,"column":0},"end":{"line":518,"column":0}}},"36":{"name":"setCoinPriceToken","line":520,"loc":{"start":{"line":520,"column":0},"end":{"line":522,"column":0}}},"37":{"name":"setUseOracle","line":524,"loc":{"start":{"line":524,"column":0},"end":{"line":524,"column":90}}},"38":{"name":"setCoinPriceUSD","line":525,"loc":{"start":{"line":525,"column":0},"end":{"line":525,"column":90}}},"39":{"name":"setCoinPriceBNB","line":526,"loc":{"start":{"line":526,"column":0},"end":{"line":526,"column":90}}},"40":{"name":"setDistributionWallet","line":528,"loc":{"start":{"line":528,"column":0},"end":{"line":531,"column":0}}},"41":{"name":"setPriceFeed","line":533,"loc":{"start":{"line":533,"column":0},"end":{"line":536,"column":0}}},"42":{"name":"setFeeManager","line":538,"loc":{"start":{"line":538,"column":0},"end":{"line":541,"column":0}}},"43":{"name":"setUserStatusManager","line":543,"loc":{"start":{"line":543,"column":0},"end":{"line":546,"column":0}}},"44":{"name":"setBridgeManager","line":548,"loc":{"start":{"line":548,"column":0},"end":{"line":551,"column":0}}},"45":{"name":"setStakingModule","line":553,"loc":{"start":{"line":553,"column":0},"end":{"line":556,"column":0}}},"46":{"name":"setDaoModule","line":558,"loc":{"start":{"line":558,"column":0},"end":{"line":562,"column":0}}},"47":{"name":"setNFTDiscount","line":564,"loc":{"start":{"line":564,"column":0},"end":{"line":567,"column":0}}},"48":{"name":"setFlags","line":570,"loc":{"start":{"line":569,"column":0},"end":{"line":573,"column":0}}},"49":{"name":"setDistributionEnabl
[...]
loc":{"start":{"line":95,"column":4},"end":{"line":108,"column":4}}},"8":{"name":"getVestingInfo","line":111,"loc":{"start":{"line":111,"column":4},"end":{"line":126,"column":4}}},"9":{"name":"_vestedAt","line":129,"loc":{"start":{"line":129,"column":4},"end":{"line":153,"column":4}}},"10":{"name":"_txTimestamp","line":156,"loc":{"start":{"line":156,"column":4},"end":{"line":160,"column":4}}}},"statementMap":{"1":{"start":{"line":42,"column":8},"end":{"line":42,"column":55}},"2":{"start":{"line":43,"column":8},"end":{"line":43,"column":62}},"3":{"start":{"line":51,"column":8},"end":{"line":51,"column":59}},"4":{"start":{"line":53,"column":8},"end":{"line":53,"column":45}},"5":{"start":{"line":57,"column":8},"end":{"line":57,"column":62}},"6":{"start":{"line":59,"column":8},"end":{"line":59,"column":45}},"7":{"start":{"line":63,"column":8},"end":{"line":63,"column":61}},"8":{"start":{"line":64,"column":8},"end":{"line":64,"column":75}},"9":{"start":{"line":67,"column":8},"end":{"line":67,"column":64}},"10":{"start":{"line":68,"column":8},"end":{"line":68,"column":36}},"11":{"start":{"line":73,"column":8},"end":{"line":73,"column":51}},"12":{"start":{"line":74,"column":8},"end":{"line":74,"column":62}},"13":{"start":{"line":75,"column":8},"end":{"line":75,"column":32}},"14":{"start":{"line":80,"column":8},"end":{"line":80,"column":61}},"15":{"start":{"line":83,"column":8},"end":{"line":83,"column":50}},"16":{"start":{"line":84,"column":8},"end":{"line":84,"column":62}},"17":{"start":{"line":86,"column":8},"end":{"line":86,"column":42}},"18":{"start":{"line":87,"column":8},"end":{"line":87,"column":43}},"19":{"start":{"line":90,"column":8},"end":{"line":90,"column":46}},"20":{"start":{"line":91,"column":8},"end":{"line":91,"column":29}},"21":{"start":{"line":96,"column":8},"end":{"line":96,"column":61}},"22":{"start":{"line":97,"column":8},"end":{"line":97,"column":50}},"23":{"start":{"line":99,"column":8},"end":{"line":99,"column":50}},"24":{"start":{"line":100,"column":8},"end":{"line":100,"column":62}},"25":{"start":{"line":102,"column":8},"end":{"line":102,"column":42}},"26":{"start":{"line":103,"column":8},"end":{"line":103,"column":43}},"27":{"start":{"line":106,"column":8},"end":{"line":106,"column":37}},"28":{"start":{"line":107,"column":8},"end":{"line":107,"column":29}},"29":{"start":{"line":120,"column":8},"end":{"line":120,"column":51}},"30":{"start":{"line":121,"column":8},"end":{"line":121,"column":62}},"31":{"start":{"line":130,"column":8},"end":{"line":130,"column":4677}},"32":{"start":{"line":131,"column":12},"end":{"line":131,"column":20}},"33":{"start":{"line":134,"column":8},"end":{"line":134,"column":64}},"34":{"start":{"line":136,"column":8},"end":{"line":136,"column":4816}},"35":{"start":{"line":140,"column":8},"end":{"line":140,"column":4942}},"36":{"start":{"line":141,"column":12},"end":{"line":141,"column":52}},"37":{"start":{"line":142,"column":12},"end":{"line":142,"column":69}},"38":{"start":{"line":144,"column":12},"end":{"line":144,"column":5128}},"39":{"start":{"line":147,"column":16},"end":{"line":147,"column":54}},"40":{"start":{"line":152,"column":8},"end":{"line":152,"column":21}},"41":{"start":{"line":159,"column":8},"end":{"line":159,"column":78}}},"branchMap":{"1":{"line":42,"type":"if","locations":[{"start":{"line":42,"column":8},"end":{"line":42,"column":8}},{"start":{"line":42,"column":8},"end":{"line":42,"column":8}}]},"2":{"line":43,"type":"if","locations":[{"start":{"line":43,"column":8},"end":{"line":43,"column":8}},{"start":{"line":43,"column":8},"end":{"line":43,"column":8}}]},"3":{"line":50,"type":"if","locations":[{"start":{"line":50,"column":53},"end":{"line":50,"column":53}},{"start":{"line":50,"column":53},"end":{"line":50,"column":53}}]},"4":{"line":51,"type":"if","locations":[{"start":{"line":51,"column":8},"end":{"line":51,"column":8}},{"start":{"line":51,"column":8},"end":{"line":51,"column":8}}]},"5":{"line":56,"type":"if","locations":[{"start":{"line":56,"column":59},"end":{"line":56,"column":59}},{"start":{"line":56,"column":59},"end":{"line":56,"column":59}}]},"6":{"line":57,"type":"if","locations":[{"start":{"line":57,"column":8},"end":{"line":57,"column":8}},{"start":{"line":57,"column":8},"end":{"line":57,"column":8}}]},"7":{"line":62,"type":"if","locations":[{"start":{"line":62,"column":52},"end":{"line":62,"column":52}},{"start":{"line":62,"column":52},"end":{"line":62,"column":52}}]},"8":{"line":62,"type":"if","locations":[{"start":{"line":62,"column":62},"end":{"line":62,"column":62}},{"start":{"line":62,"column":62},"end":{"line":62,"column":62}}]},"9":{"line":63,"type":"if","locations":[{"start":{"line":63,"column":8},"end":{"line":63,"column":8}},{"start":{"line":63,"column":8},"end":{"line":63,"column":8}}]},"10":{"line":64,"type":"if","locations":[{"start":{"line":64,"column":8},"end":{"line":64,"column":8}},{"start":{"line":64,"column":8},"end":{"line":64,"column":8}}]},"11":{"line":74,"type":"if","locations":[{"start":{"line":74,"column":8},"end":{"line":74,"column":8}},{"start":{"line":74,"column":8},"end":{"line":74,"column":8}}]},"12":{"line":79,"type":"if","locations":[{"start":{"line":79,"column":32},"end":{"line":79,"column":32}},{"start":{"line":79,"column":32},"end":{"line":79,"column":32}}]},"13":{"line":79,"type":"if","locations":[{"start":{"line":79,"column":46},"end":{"line":79,"column":46}},{"start":{"line":79,"column":46},"end":{"line":79,"column":46}}]},"14":{"line":80,"type":"if","locations":[{"start":{"line":80,"column":8},"end":{"line":80,"column":8}},{"start":{"line":80,"column":8},"end":{"line":80,"column":8}}]},"15":{"line":84,"type":"if","locations":[{"start":{"line":84,"column":8},"end":{"line":84,"column":8}},{"start":{"line":84,"column":8},"end":{"line":84,"column":8}}]},"16":{"line":87,"type":"if","locations":[{"start":{"line":87,"column":8},"end":{"line":87,"column":8}},{"start":{"line":87,"column":8},"end":{"line":87,"column":8}}]},"17":{"line":95,"type":"if","locations":[{"start":{"line":95,"column":44},"end":{"line":95,"column":44}},{"start":{"line":95,"column":44},"end":{"line":95,"column":44}}]},"18":{"line":95,"type":"if","locations":[{"start":{"line":95,"column":54},"end":{"line":95,"column":54}},{"start":{"line":95,"column":54},"end":{"line":95,"column":54}}]},"19":{"line":95,"type":"if","locations":[{"start":{"line":95,"column":68},"end":{"line":95,"column":68}},{"start":{"line":95,"column":68},"end":{"line":95,"column":68}}]},"20":{"line":96,"type":"if","locations":[{"start":{"line":96,"column":8},"end":{"line":96,"column":8}},{"start":{"line":96,"column":8},"end":{"line":96,"column":8}}]},"21":{"line":97,"type":"if","locations":[{"start":{"line":97,"column":8},"end":{"line":97,"column":8}},{"start":{"line":97,"column":8},"end":{"line":97,"column":8}}]},"22":{"line":100,"type":"if","locations":[{"start":{"line":100,"column":8},"end":{"line":100,"column":8}},{"start":{"line":100,"column":8},"end":{"line":100,"column":8}}]},"23":{"line":103,"type":"if","locations":[{"start":{"line":103,"column":8},"end":{"line":103,"column":8}},{"start":{"line":103,"column":8},"end":{"line":103,"column":8}}]},"24":{"line":121,"type":"if","locations":[{"start":{"line":121,"column":8},"end":{"line":121,"column":8}},{"start":{"line":121,"column":8},"end":{"line":121,"column":8}}]},"25":{"line":130,"type":"if","locations":[{"start":{"line":130,"column":8},"end":{"line":130,"column":8}},{"start":{"line":130,"column":8},"end":{"line":130,"column":8}}]},"26":{"line":136,"type":"if","locations":[{"start":{"line":136,"column":8},"end":{"line":136,"column":8}},{"start":{"line":136,"column":8},"end":{"line":136,"column":8}}]},"27":{"line":140,"type":"if","locations":[{"start":{"line":140,"column":8},"end":{"line":140,"column":8}},{"start":{"line":140,"column":8},"end":{"line":140,"column":8}}]},"28":{"line":144,"type":"if","locations":[{"start":{"line":144,"column":12},"end":{"line":144,"column":12}},{"start":{"line":144,"column":12},"end":{"line":144,"column":12}}]},"29":{"line":159,"type":"if","locations":[{"start":{"line":159,"column":41},"end":{"line":159,"column":59}},{"start":{"line":159,"column":63},"end":{"line":159,"column":77}}]}}},"contracts\\UserStatusManager.sol":{"l":{"46":8,"47":7,"48":6,"49":6,"50":6,"60":4,"61":4,"62":4,"63":4,"64":4,"78":55,"79":41,"80":10,"84":43,"85":34,"86":4,"90":251,"95":3,"99":3,"100":2},"path":"D:\\IBITIcoin-project\\contracts\\UserStatusManager.sol","s":{"1":8,"2":7,"3":6,"4":4,"5":34,"6":28,"7":29,"8":8,"9":3,"10":55,"11":14,"12":41,"13":31,"14":10,"15":43,"16":9,"17":34,"18":30,"19":4,"20":251,"21":3,"22":3,"23":1,"24":2},"b":{"1":[8,0],"2":[7,1],"3":[6,1],"4":[4,0],"5":[34,3],"6":[28,2],"7":[29,2],"8":[8,0],"9":[3,0],"10":[14,41],"11":[31,10],"12":[9,34],"13":[30,4],"14":[1,2]},"f":{"1":8,"2":4,"3":34,"4":28,"5":29,"6":8,"7":3,"8":55,"9":43,"10":251,"11":3,"12":3},"fnMap":{"1":{"name":"setIBIToken","line":45,"loc":{"start":{"line":45,"column":4},"end":{"line":51,"column":4}}},"2":{"name":"setThresholds","line":59,"loc":{"start":{"line":54,"column":4},"end":{"line":65,"column":4}}},"3":{"name":"setVIPOverride","line":68,"loc":{"start":{"line":68,"column":4},"end":{"line":68,"column":118}}},"4":{"name":"setWhaleOverride","line":69,"loc":{"start":{"line":69,"column":4},"end":{"line":69,"column":118}}},"5":{"name":"flagBot","line":70,"loc":{"start":{"line":70,"column":4},"end":{"line":70,"column":119}}},"6":{"name":"pause","line":73,"loc":{"start":{"line":73,"column":4},"end":{"line":73,"column":54}}},"7":{"name":"unpause","line":74,"loc":{"start":{"line":74,"column":4},"end":{"line":74,"column":56}}},"8":{"name":"isVIPUser","line":77,"loc":{"start":{"line":77,"column":4},"end":{"line":81,"column":4}}},"9":{"name":"isWhale","line":83,"loc":{"start":{"line":83,"column":4},"end":{"line":87,"column":4}}},"10":{"name":"isFlaggedBot","line":89,"loc":{"start":{"line":89,"column":4},"end":{"line":91,"column":4}}},"11":{"name":"isStakeQualified","line":94,"loc":{"start":{"line":94,"column":4},"end":{"line":96,"column":4}}},"12":{"name":"hasHoldBonus","line":98,"loc":{"start":{"line":98,"column":4},"end":{"line":101,"column":4}}}},"statementMap":{"1":{"start":{"line":46,"column":8},"end":{"line":46,"column":55}},"2":{"start":{"line":47,"column":8},"end":{"line":47,"column":47}},"3":{"start":{"line":50,"column":8},"end":{"line":50,"column":31}},"4":{"start":{"line":64,"column":8},"end":{"line":64,"column":59}},"5":{"start":{"line":68,"column":93},"end":{"line":68,"column":114}},"6":{"start":{"line":69,"column":93},"end":{"line":69,"column":116}},"7":{"start":{"line":70,"column":93},"end":{"line":70,"column":117}},"8":{"start":{"line":73,"column":44},"end":{"line":73,"column":51}},"9":{"start":{"line":74,"column":44},"end":{"line":74,"column":53}},"10":{"start":{"line":78,"column":8},"end":{"line":78,"column":40}},"11":{"start":{"line":78,"column":29},"end":{"line":78,"column":40}},"12":{"start":{"line":79,"column":8},"end":{"line":79,"column":41}},"13":{"start":{"line":79,"column":29},"end":{"line":79,"column":41}},"14":{"start":{"line":80,"column":8},"end":{"line":80,"column":52}},"15":{"start":{"line":84,"column":8},"end":{"line":84,"column":42}},"16":{"start":{"line":84,"column":31},"end":{"line":84,"column":42}},"17":{"start":{"line":85,"column":8},"end":{"line":85,"column":43}},"18":{"start":{"line":85,"column":31},"end":{"line":85,"column":43}},"19":{"start":{"line":86,"column":8},"end":{"line":86,"column":54}},"20":{"start":{"line":90,"column":8},"end":{"line":90,"column":29}},"21":{"start":{"line":95,"column":8},"end":{"line":95,"column":63}},"22":{"start":{"line":99,"column":8},"end":{"line":99,"column":48}},"23":{"start":{"line":99,"column":36},"end":{"line":99,"column":48}},"24":{"start":{"line":100,"column":8},"end":{"line":100,"column":72}}},"branchMap":{"1":{"line":45,"type":"if","locations":[{"start":{"line":45,"column":49},"end":{"line":45,"column":49}},{"start":{"line":45,"column":49},"end":{"line":45,"column":49}}]},"2":{"line":46,"type":"if","locations":[{"start":{"line":46,"column":8},"end":{"line":46,"column":8}},{"start":{"line":46,"column":8},"end":{"line":46,"column":8}}]},"3":{"line":47,"type":"if","locations":[{"start":{"line":47,"column":8},"end":{"line":47,"column":8}},{"start":{"line":47,"column":8},"end":{"line":47,"column":8}}]},"4":{"line":59,"type":"if","locations":[{"start":{"line":59,"column":15},"end":{"line":59,"column":15}},{"start":{"line":59,"column":15},"end":{"line":59,"column":15}}]},"5":{"line":68,"type":"if","locations":[{"start":{"line":68,"column":58},"end":{"line":68,"column":58}},{"start":{"line":68,"column":58},"end":{"line":68,"column":58}}]},"6":{"line":69,"type":"if","locations":[{"start":{"line":69,"column":58},"end":{"line":69,"column":58}},{"start":{"line":69,"column":58},"end":{"line":69,"column":58}}]},"7":{"line":70,"type":"if","locations":[{"start":{"line":70,"column":58},"end":{"line":70,"column":58}},{"start":{"line":70,"column":58},"end":{"line":70,"column":58}}]},"8":{"line":73,"type":"if","locations":[{"start":{"line":73,"column":32},"end":{"line":73,"column":32}},{"start":{"line":73,"column":32},"end":{"line":73,"column":32}}]},"9":{"line":74,"type":"if","locations":[{"start":{"line":74,"column":32},"end":{"line":74,"column":32}},{"start":{"line":74,"column":32},"end":{"line":74,"column":32}}]},"10":{"line":78,"type":"if","locations":[{"start":{"line":78,"column":8},"end":{"line":78,"column":8}},{"start":{"line":78,"column":8},"end":{"line":78,"column":8}}]},"11":{"line":79,"type":"if","locations":[{"start":{"line":79,"column":8},"end":{"line":79,"column":8}},{"start":{"line":79,"column":8},"end":{"line":79,"column":8}}]},"12":{"line":84,"type":"if","locations":[{"start":{"line":84,"column":8},"end":{"line":84,"column":8}},{"start":{"line":84,"column":8},"end":{"line":84,"column":8}}]},"13":{"line":85,"type":"if","locations":[{"start":{"line":85,"column":8},"end":{"line":85,"column":8}},{"start":{"line":85,"column":8},"end":{"line":85,"column":8}}]},"14":{"line":99,"type":"if","locations":[{"start":{"line":99,"column":8},"end":{"line":99,"column":8}},{"start":{"line":99,"column":8},"end":{"line":99,"column":8}}]}}},"contracts\\VolumeWeightedOracle.sol":{"l":{"23":85,"28":1,"33":0,"38":58,"39":58,"40":57,"41":57,"42":57,"47":7,"48":7,"49":6,"50":6,"51":6,"52":2,"53":2,"54":2,"56":6,"57":6,"58":6,"67":40,"68":40,"69":40,"71":40,"72":40,"74":40,"75":33,"76":33,"77":33,"78":5,"80":28,"81":28,"82":28,"85":40,"86":15,"88":25,"93":11},"path":"D:\\IBITIcoin-project\\contracts\\VolumeWeightedOracle.sol","s":{"1":1,"2":0,"3":58,"4":58,"5":57,"6":57,"7":7,"8":7,"9":6,"10":6,"11":6,"12":2,"13":6,"14":6,"15":40,"16":40,"17":40,"18":40,"19":40,"20":40,"21":33,"22":33,"23":33,"24":28,"25":40,"26":15,"27":25,"28":11},"b":{"1":[1,0],"2":[0,0],"3":[59,1],"4":[58,1],"5":[58,0],"6":[57,1],"7":[8,1],"8":[7,1],"9":[6,1],"10":[2,4],"11":[40,0],"12":[5,28],"13":[5,0],"14":[15,25]},"f":{"1":85,"2":1,"3":0,"4":58,"5":7,"6":40,"7":11},"fnMap":{"1":{"name":"constructor","line":22,"loc":{"start":{"line":22,"column":4},"end":{"line":24,"column":4}}},"2":{"name":"pause","line":27,"loc":{"start":{"line":27,"column":4},"end":{"line":29,"column":4}}},"3":{"name":"unpause","line":32,"loc":{"start":{"line":32,"column":4},"end":{"line":34,"column":4}}},"4":{"name":"addPool","line":37,"loc":{"start":{"line":37,"column":4},"end":{"line":43,"column":4}}},"5":{"name":"removePool","line":46,"loc":{"start":{"line":46,"column":4},"end":{"line":59,"column":4}}},"6":{"name":"getPrice","line":65,"loc":{"start":{"line":65,"column":4},"end":{"line":89,"column":4}}},"7":{"name":"poolCount","line":92,"loc":{"start":{"line":92,"column":4},"end":{"line":94,"column":3}}}},"statementMap":{"1":{"start":{"line":28,"column":8},"end":{"line":28,"column":15}},"2":{"start":{"line":33,"column":8},"end":{"line":33,"column":17}},"3":{"start":{"line":38,"column":8},"end":{"line":38,"column":50}},"4":{"start":{"line":39,"column":8},"end":{"line":39,"column":54}},"5":{"start":{"line":40,"column":8},"end":{"line":40,"column":39}},"6":{"start":{"line":42,"column":8},"end":{"line":42,"column":28}},"7":{"start":{"line":47,"column":8},"end":{"line":47,"column":41}},"8":{"start":{"line":48,"column":8},"end":{"line":48,"column":43}},"9":{"start":{"line":49,"column":8},"end":{"line":49,"column":30}},"10":{"start":{"line":50,"column":8},"end":{"line":50,"column":39}},"11":{"start":{"line":51,"column":8},"end":{"line":51,"column":1843}},"12":{"start":{"line":52,"column":12},"end":{"line":52,"column":49}},"13":{"start":{"line":56,"column":8},"end":{"line":56,"column":18}},"14":{"start":{"line":58,"column":8},"end":{"line":58,"column":30}},"15":{"start":{"line":67,"column":4},"end":{"line":67,"column":46}},"16":{"start":{"line":68,"column":4},"end":{"line":68,"column":35}},"17":{"start":{"line":69,"column":4},"end":{"line":69,"column":35}},"18":{"start":{"line":71,"column":4},"end":{"line":71,"column":27}},"19":{"start":{"line":72,"column":4},"end":{"line":72,"column":28}},"20":{"start":{"line":74,"column":4},"end":{"line":74,"column":2623}},"21":{"start":{"line":75,"column":8},"end":{"line":75,"column":40}},"22":{"start":{"line":76,"column":8},"end":{"line":76,"column":52}},"23":{"start":{"line":77,"column":8},"end":{"line":77,"column":2770}},"24":{"start":{"line":80,"column":8},"end":{"line":80,"column":78}},"25":{"start":{"line":85,"column":4},"end":{"line":85,"column":2991}},"26":{"start":{"line":86,"column":8},"end":{"line":86,"column":16}},"27":{"start":{"line":88,"column":4},"end":{"line":88,"column":36}},"28":{"start":{"line":93,"column":4},"end":{"line":93,"column":23}}},"branchMap":{"1":{"line":27,"type":"if","locations":[{"start":{"line":27,"column":30},"end":{"line":27,"column":30}},{"start":{"line":27,"column":30},"end":{"line":27,"column":30}}]},"2":{"line":32,"type":"if","locations":[{"start":{"line":32,"column":32},"end":{"line":32,"column":32}},{"start":{"line":32,"column":32},"end":{"line":32,"column":32}}]},"3":{"line":37,"type":"if","locations":[{"start":{"line":37,"column":44},"end":{"line":37,"column":44}},{"start":{"line":37,"column":44},"end":{"line":37,"column":44}}]},"4":{"line":37,"type":"if","locations":[{"start":{"line":37,"column":54},"end":{"line":37,"column":54}},{"start":{"line":37,"column":54},"end":{"line":37,"column":54}}]},"5":{"line":38,"type":"if","locations":[{"start":{"line":38,"column":8},"end":{"line":38,"column":8}},{"start":{"line":38,"column":8},"end":{"line":38,"column":8}}]},"6":{"line":39,"type":"if","locations":[{"start":{"line":39,"column":8},"end":{"line":39,"column":8}},{"start":{"line":39,"column":8},"end":{"line":39,"column":8}}]},"7":{"line":46,"type":"if","locations":[{"start":{"line":46,"column":47},"end":{"line":46,"column":47}},{"start":{"line":46,"column":47},"end":{"line":46,"column":47}}]},"8":{"line":46,"type":"if","locations":[{"start":{"line":46,"column":57},"end":{"line":46,"column":57}},{"start":{"line":46,"column":57},"end":{"line":46,"column":57}}]},"9":{"line":48,"type":"if","locations":[{"start":{"line":48,"column":8},"end":{"line":48,"column":8}},{"start":{"line":48,"column":8},"end":{"line":48,"column":8}}]},"10":{"line":51,"type":"if","locations":[{"start":{"line":51,"column":8},"end":{"line":51,"column":8}},{"start":{"line":51,"column":8},"end":{"line":51,"column":8}}]},"11":{"line":65,"type":"if","locations":[{"start":{"line":65,"column":38},"end":{"line":65,"column":38}},{"start":{"line":65,"column":38},"end":{"line":65,"column":38}}]},"12":{"line":77,"type":"if","locations":[{"start":{"line":77,"column":8},"end":{"line":77,"column":8}},{"start":{"line":77,"column":8},"end":{"line":77,"column":8}}]},"13":{"line":77,"type":"cond-expr","locations":[{"start":{"line":77,"column":12},"end":{"line":77,"column":18}},{"start":{"line":77,"column":23},"end":{"line":77,"column":29}}]},"14":{"line":85,"type":"if","locations":[{"start":{"line":85,"column":4},"end":{"line":85,"column":4}},{"start":{"line":85,"column":4},"end":{"line":85,"column":4}}]}}}}